#--------------------------------------------------#
# SusHi: (Supersymmetric) Higgs production through #
#  __      __        gluon fusion and bottom-quark #
# [_  | | [_  |_| |  annihilation                  #
# __] |_| __] | | |                                #
#                    Version 1.6.1      Jul 2016   #
#--------------------------------------------------#
# Date: 29.05.2017 at 12:15:04                     #
# For the reconstructed input file, check below.   #
#--------------------------------------------------#
# Please cite the following papers (for this run):
# Harlander:2012pb    
# Harlander:2016hcx   
# Harlander:2002wh    
# Harlander:2003ai    
# Aglietti:2004nj     
# Bonciani:2010ms     
# Degrassi:2010eu     
# Degrassi:2011vq     
# Degrassi:2012vt     
# Harlander:2005rq    
# Chetyrkin:2000yt    
#--------------------------------------------------#
Block SUSHIinfo
         1   1.6.1        # SusHi version
Block SUSHIggh # Bon appetit 
         1     2.22070699E-05   # ggh XS in pb                      
       101     3.24108556E-07   # +/- integ. error: ggh XS in pb                      
       102    -8.87878247E-07   # - from muR variation: ggh XS in pb                      
       103     5.19471489E-07   # + from muR variation: ggh XS in pb                      
# within [  0.50000000E+00,  0.20000000E+01]*SCALES(1)*MASSOUT(1).
Block SUSHIbbh # Bon appetit 
         1     1.28817766E-03   # bbh XS in pb                  
       101     1.81470711E-07   # +/- integr. error: bbh XS in pb                  
Block XSGGH # ggh xsec in pb (w/o EW) (+/- integ.err.)
         1     1.31940769E-05   # LO w/ NLO PDFs
         2     1.79290571E-05   # NLO
        21     2.39541183E-05   # NLO gg
        22    -6.02550959E-06   # NLO qg
        23     4.48316270E-10   # NLO qq
       101     7.72338275E-12   # +/-: LO w/ NLO PDFs
       102     6.34567164E-09   # +/-: NLO
       121     3.21130768E-09   # +/-: NLO gg
       122     5.47312080E-09   # +/-: NLO qg
       123     5.48679271E-13   # +/-: NLO qq
Block XSGGHEFF # ggh xsec in heavy top limit (from ggh@nnlo) (+/- integ.err.)
         1     1.31635109E-05   # NLO
       101     1.71045500E-09   # +/-: NLO
        19     1.39863624E-05   # NLO'
       191     1.72596760E-09   # +/-: NLO'
         2     1.74422886E-05   # NNLO
       102     3.24041921E-07   # +/-: NNLO
         4    -4.26579835E-05   # electroweak factor
Block XSBBH # bbh xsec in pb (+/- integ.err.)
         1     1.44404283E-03   # LO
       101     8.13437497E-09   # +/-: LO
         2     1.04276703E-03   # NLO
       102     5.42950381E-09   # +/-: NLO
         3     1.28817766E-03   # NNLO
       103     1.81470711E-07   # +/-: NNLO
Block HGGSUSY # couplings of 2. CP-even H to 3. gen.
       101    -5.85983317E-02   # g_t^phi
       111    -1.16131926E+01   # g_st11^phi
       122     1.14104008E+01   # g_st22^phi
       112    -1.71851482E+01   # g_st12^phi
       121    -1.71851482E+01   # g_st21^phi
       201     1.79271023E+01   # g_b^phi
       211    -2.41511996E+03   # g_sb11^phi
       222     2.12683218E+03   # g_sb22^phi
       212     2.00961553E+04   # g_sb12^phi
       221     2.00961553E+04   # g_sb21^phi
Block BBHREWEIGHT # top and bottom reweighting factors
         1    -5.85983317E-02   # g_t
         2     1.79271023E+01   # g_b incl. 1/(1+Delta_b)*(1+C*Delta_b)
Block MASSOUT
         1     1.20664613E+03   # Mphi in GeV
         5     4.18000000E+00   # m_b(m_b), MSbar
         6     1.73200000E+02   # m_t(pole)
        23     9.11876000E+01   # m_Z
        24     8.04312319E+01   # m_W
        35     1.20664613E+03   # 2. CP-even Higgs mass in GeV
   1000005     1.01856333E+03   # sbottom1 mass in GeV
   2000005     1.71232021E+03   # sbottom2 mass in GeV
   1000006     1.66822044E+03   # stop1 mass in GeV
   2000006     2.14992578E+03   # stop2 mass in GeV
   1000021     1.27128000E+03   # gluino mass in GeV
Block STOPMIXOUT # stop mixing matrix
  1  1     9.56725363E-01   # V_11
  1  2     2.90992405E-01   # V_12
  2  1    -2.90992405E-01   # V_21
  2  2     9.56725363E-01   # V_22
Block SBOTMIXOUT # sbottom mixing matrix
  1  1     5.93620092E-02   # V_11
  1  2     9.98236521E-01   # V_12
  2  1    -9.98236521E-01   # V_21
  2  2     5.93620092E-02   # V_22
Block AD
  3  3    -2.05007000E+03   # used Ab in GeV - def. accord. to scheme
Block AU
  3  3    -3.37225000E+03   # used At in GeV
Block INTERNALMASSES # Masses in GeV
        50     4.18000000E+00   # m_b(m_b), MSbar
        51     2.37607168E+00   # m_b(mu_R) MSbar
        52     4.92934281E+00   # m_b(pole)
        53     4.92934281E+00   # m_b used for internal masses
        54     4.92934281E+00   # m_b for bottom Yukawa 1
        55     1.62275464E+00   # m_b for sbottom sector
Block ALPHASOUT # values from LHAPDF set
         2     8.61131626E-02   # alpha_s(muRggh) @ NLO
        11     8.50574787E-02   # alpha_s(muRbbh)
         3     8.50574787E-02   # alpha_s(muRggh) @ NNLO
       101     1.35000000E-01   # alpha_s(Mz) @ LO  
       102     1.20000000E-01   # alpha_s(Mz) @ NLO 
       103     1.20000000E-01   # alpha_s(Mz) @ NNLO
#--------------------------------------------------#
# Reconstructed input file of this run             #
#--------------------------------------------------#
Block SUSHI
         1      1   # Chosen model: 0=SM, 1=MSSM, 2=2HDM, 3=NMSSM
         2     12   # 11=h, 12=H, 21=A              
         3      0   # Particle collider: 0=pp, 1=ppbar
         4     8.00000000E+03   # center-of-mass energy in GeV
         5      2   # Order for ggh
         6      2   # Order for bbh
         7      1   # Electroweak contributions to ggh
        11      1   # [1/0] do/not expand C1 perturbatively
        19      1   # 0 = silent mode of SusHi, 1 = normal output
        20      0   # ggh@nnlo subprocesses: 0=all, 10=ind. contributions
        21      0   # bbh@nnlo subprocesses: 0=all
Block GGHMT
        -1      3   # factor out exact LO result at LO(=0)/NLO(=1)/etc.
         0     -1   # expand through 1/mt^n at LO [-1=exact]
         1      0   # expand through 1/mt^n at NLO
        11      0   # expand gg through 1/mt^n at NLO
        12      0   # expand qg through 1/mt^n at NLO
        13      0   # expand qqbar through 1/mt^n at NLO
         2      0   # expand through 1/mt^n at NNLO
        21      0   # expand gg through 1/mt^n at NNLO
        22      0   # expand qg through 1/mt^n at NNLO
        23      0   # expand qqbar through 1/mt^n at NNLO
        24      0   # expand qq through 1/mt^n at NNLO
        25      0   # expand qqprime through 1/mt^n at NNLO
        10      0   # [0/1]: do not/match to high energy limit at NLO
        20      0   # [0/1]: do not/match to high energy limit at NNLO
        30      0   # [0/1]: do not/match to high energy limit at N3LO
Block GGHSOFT # parameters for soft expansion
         1    0  0  0   # NLO: [0/1=n/y] [order] sig(x)/x^[n]
         2    0  0  0   # NNLO: [0/1=n/y] [order] sig(x)/x^[n]
Block SMINPUTS
         1     1.27908970E+02   # 1/alpha_em(MZ) SM MSbar
         2     1.16637870E-05   # G_F
         3     1.18400000E-01   # alpha_s(m_Z)
         4     9.11876000E+01   # m_Z(pole)
         5     4.18000000E+00   # m_b(m_b)
         6     1.73200000E+02   # m_t(pole)
Block MINPAR
         3     1.79300000E+01   # tan(beta)
Block EXTPAR
         3     1.27128000E+03   # Gluino mass
        11    -3.37225000E+03   # A_t
        12    -2.05007000E+03   # A_b
        23     3.74417000E+03   # mu
Block ALPHA # Higgs mixing parameter
          -5.85408379E-02   # alpha
Block MASS
        35     1.20664613E+03   # 2. CP-even Higgs mass in GeV
   1000005     1.01856333E+03   # Sbottom1 mass in GeV
   2000005     1.71232021E+03   # Sbottom2 mass in GeV
   1000006     1.66822044E+03   # Stop1 mass in GeV
   2000006     2.14992578E+03   # Stop2 mass in GeV
Block STOPMIX # stop mixing matrix
  1  1     9.56725363E-01   # V_11
  1  2     2.90992405E-01   # V_12
Block SBOTMIX # sbottom mixing matrix
  1  1     5.93620092E-02   # V_11
  1  2     9.98236521E-01   # V_12
Block DISTRIB
         1      0   # total XS                      
Block SCALES
         1     1.00000000E+00   # Renormalization scale muR/mh
         2     1.00000000E+00   # Factorization scale muF/mh
       101     5.00E-01  2.00E+00   # min and max for muR scale uncertainty around SCALES(1)
       102     1.00E-01  1.00E+01   100   # min/max/steps for table output of muR variation
        11     1.00000000E+00   # Renormalization scale muR/mh for bbh
        12     2.50000000E-01   # Factorization scale muF/mh for bbh
Block RENORMBOT
         1      0   # mb used for bottom Yukawa
         2      1   # Resummation of sbottom effects
Block RENORMSBOT
         1      2   # Renormalization of m_b
         2      0   # Renormalization of A_b
         3      0   # Renormalization of theta_b
Block PDFSPEC
         1   MMHT2014lo68cl.LHgrid                           # LO   PDF set
        11      0   # LO   PDF set number
         2   MMHT2014nlo68cl.LHgrid                          # NLO  PDF set
        12      0   # NLO  PDF set number
         3   MMHT2014nnlo68cl.LHgrid                         # NNLO PDF set
        13      0   # NNLO PDF set number
Block VEGAS
# parameters for NLO SusHi
         1    10000   # Number of points
         2        5   # Number of iterations
         3       10   # Output format of VEGAS integration
# parameters for ggh@nnlo:
         4     2000   # Number of points
         5        5   # Number of iterations
        14     5000   # Number of points in second run
        15        2   # Number of iterations in second run
         6        0   # Output format of VEGAS integration
# parameters for bbh@nnlo:
         7     2000   # Number of points
         8        5   # Number of iterations
        17     5000   # Number of points in second run
        18        2   # Number of iterations in second run
         9        0   # Output format of VEGAS integration
Block FACTORS
         1     0.00000000E+00   # Factor multiplied with Yukawa of c quark
         2     1.00000000E+00   # t quark
         3     1.00000000E+00   # b quark
         4     1.00000000E+00   # top squark
         5     1.00000000E+00   # bottom squark
#--------------------------------------------------#
# End of SusHi output                              #
#--------------------------------------------------#
