Input status: 1
Decomposition output status: 1 #decomposition was successful
# Input File: /home/lukas/Schreibtisch/Bino/SModelS-Setup-Bino/code/calculation/output/SModelS/direct/SModelS_input_direct.slha
# maxcond = 0.2
# minmassgap = 5.
# ncpus = 1
# sigmacut = 0.0000001
# Database version: 1.1.1pre1
================================================================================
   ======================================================= 
 || 	 						 || 
 || 	 Theory Predictions and 			 || 
 || 	 Experimental Constraints 		 	 ||
 || 	 						 || 
   ======================================================= 

---------------Analysis Label = ATLAS-CONF-2013-047
-------------------Dataset Label = A Medium
-------------------Txname Labels = ['T2']
Analysis sqrts: 8.00E+00 [TeV]
Theory prediction: 5.16E-05 [pb]
Theory conditions:  None
Observed experimental limit: 2.52E+00 [fb]
Expected experimental limit: 2.10E+00 [fb]
Chi2: 0.335039314846
Likelihood: 0.0156153638203
Contributing elements: [9, 11, 12, 15, 19, 20, 22]
PIDs:[[-1000004, -1000022], [1000004, 1000022]]
PIDs:[[1000004, 1000022], [1000002, 1000022]]
PIDs:[[1000004, 1000022], [1000001, 1000022]]
PIDs:[[2000003, 1000022], [2000003, 1000022]]
PIDs:[[2000003, 1000022], [2000001, 1000022]]
PIDs:[[2000003, 1000022], [-2000001, -1000022]]
PIDs:[[2000003, 1000022], [-2000003, -1000022]]
PIDs:[[2000001, 1000022], [2000003, 1000022]]
PIDs:[[2000001, 1000022], [2000001, 1000022]]
PIDs:[[2000001, 1000022], [-2000001, -1000022]]
PIDs:[[2000001, 1000022], [-2000003, -1000022]]
PIDs:[[-2000001, -1000022], [2000003, 1000022]]
PIDs:[[-2000001, -1000022], [2000001, 1000022]]
PIDs:[[-2000001, -1000022], [-2000001, -1000022]]
PIDs:[[-2000001, -1000022], [-2000003, -1000022]]
PIDs:[[-2000003, -1000022], [2000003, 1000022]]
PIDs:[[-2000003, -1000022], [2000001, 1000022]]
PIDs:[[-2000003, -1000022], [-2000001, -1000022]]
PIDs:[[-2000003, -1000022], [-2000003, -1000022]]
PIDs:[[1000002, 1000022], [1000002, 1000022]]
PIDs:[[-1000002, -1000022], [1000002, 1000022]]
PIDs:[[1000002, 1000022], [1000001, 1000022]]
PIDs:[[1000002, 1000022], [1000003, 1000022]]
PIDs:[[1000002, 1000022], [-1000003, -1000022]]
PIDs:[[-1000002, -1000022], [1000001, 1000022]]
PIDs:[[-1000002, -1000022], [1000003, 1000022]]
PIDs:[[-1000002, -1000022], [-1000003, -1000022]]
PIDs:[[1000001, 1000022], [1000003, 1000022]]
PIDs:[[1000001, 1000022], [1000001, 1000022]]
PIDs:[[-1000003, -1000022], [1000003, 1000022]]
PIDs:[[-1000003, -1000022], [1000001, 1000022]]
PIDs:[[-1000001, -1000022], [1000003, 1000022]]
PIDs:[[-1000001, -1000022], [1000001, 1000022]]

---------------Analysis Label = ATLAS-CONF-2013-054
-------------------Dataset Label = 7j80 flavor 0 b-jets
-------------------Txname Labels = ['T2']
Analysis sqrts: 8.00E+00 [TeV]
Theory prediction: 1.73E-07 [pb]
Theory conditions:  None
Observed experimental limit: 5.00E-01 [fb]
Expected experimental limit: 4.63E-01 [fb]
Chi2: 0.0950949203331
Likelihood: 0.0916178742589
Contributing elements: [9, 11, 12, 19, 20, 22]
PIDs:[[-1000004, -1000022], [1000004, 1000022]]
PIDs:[[1000004, 1000022], [1000002, 1000022]]
PIDs:[[1000004, 1000022], [1000001, 1000022]]
PIDs:[[1000002, 1000022], [1000002, 1000022]]
PIDs:[[-1000002, -1000022], [1000002, 1000022]]
PIDs:[[1000002, 1000022], [1000001, 1000022]]
PIDs:[[1000002, 1000022], [1000003, 1000022]]
PIDs:[[1000002, 1000022], [-1000003, -1000022]]
PIDs:[[-1000002, -1000022], [1000001, 1000022]]
PIDs:[[-1000002, -1000022], [1000003, 1000022]]
PIDs:[[-1000002, -1000022], [-1000003, -1000022]]
PIDs:[[1000001, 1000022], [1000003, 1000022]]
PIDs:[[1000001, 1000022], [1000001, 1000022]]
PIDs:[[-1000003, -1000022], [1000003, 1000022]]
PIDs:[[-1000003, -1000022], [1000001, 1000022]]
PIDs:[[-1000001, -1000022], [1000003, 1000022]]
PIDs:[[-1000001, -1000022], [1000001, 1000022]]

Total missing topology cross section (fb):  6.434E-03
Total cross section where we are outside the mass grid (fb):  1.384E-01
Total cross section in long cascade decays (fb):  0.000E+00
Total cross section in decays with asymmetric branches (fb):  6.367E-03

Full information on unconstrained cross sections
================================================================================
Missing topologies with the highest cross sections (up to 10):
Sqrts (TeV)   Weight (fb)        Element description
  8.0  5.351E-03    #                                  [[],[[jet]]]
  8.0  7.228E-04    #                       [[[jet]],[[jet],[jet]]]
  8.0  2.032E-04    #                               [[[b]],[[jet]]]
  8.0  6.773E-05    #                                       [[],[]]
  8.0  3.554E-05    #                           [[[b],[t]],[[jet]]]
  8.0  2.909E-05    #                           [[[jet]],[[t],[b]]]
  8.0  1.177E-05    #                           [[[jet]],[[t],[t]]]
  8.0  1.014E-05    #                           [[[b],[b]],[[jet]]]
  8.0  2.546E-06    #                               [[[W]],[[jet]]]
  8.0  8.180E-07    #                           [[[higgs]],[[jet]]]
================================================================================
Contributions outside the mass grid (up to 10):
Sqrts (TeV)   Weight (fb)        Element description
  8.0  1.384E-01    #                             [[[jet]],[[jet]]]
================================================================================
Missing topos: long cascade decays (up to 10 entries), sqrts = 8 TeV:
Mother1 Mother2 Weight (fb) # allMothers
================================================================================
Missing topos: asymmetric branches (w/o long cascades, up to 10), sqrts = 8 TeV
Mother1 Mother2 Weight (fb) # allMothers
1000022 2000001  4.335E-03 # [[1000022, 2000001], [1000022, 2000003]]
1000002 1000022  6.096E-04 # [[1000002, 1000022]]
1000001 1000024  4.064E-04 # [[1000001, 1000024]]
1000002 1000024  2.032E-04 # [[1000002, 1000024]]
1000002 1000005  2.032E-04 # [[1000002, 1000005]]
1000001 1000022  2.032E-04 # [[1000001, 1000022]]
1000022 2000002  2.032E-04 # [[1000022, 2000002]]
1000002 1000023  1.354E-04 # [[1000002, 1000023]]
1000001 1000023  6.771E-05 # [[1000001, 1000023]]
