This file contains any messages produced by compilers while
running configure, to aid debugging if configure makes a mistake.

It was created by LHAPDF configure 6.1.6, which was
generated by GNU Autoconf 2.69.  Invocation command line was

  $ ./configure --with-boost --prefix=/home/lukas/Schreibtisch/Bino/SModelS-Setup-Bino/prog/LHAPDF-6.1.6/installation

## --------- ##
## Platform. ##
## --------- ##

hostname = Laptop
uname -m = x86_64
uname -r = 4.4.0-78-generic
uname -s = Linux
uname -v = #99-Ubuntu SMP Thu Apr 27 15:29:09 UTC 2017

/usr/bin/uname -p = unknown
/bin/uname -X     = unknown

/bin/arch              = unknown
/usr/bin/arch -k       = unknown
/usr/convex/getsysinfo = unknown
/usr/bin/hostinfo      = unknown
/bin/machine           = unknown
/usr/bin/oslevel       = unknown
/bin/universe          = unknown

PATH: /home/lukas/bin
PATH: /home/lukas/.local/bin
PATH: /usr/local/sbin
PATH: /usr/local/bin
PATH: /usr/sbin
PATH: /usr/bin
PATH: /sbin
PATH: /bin
PATH: /usr/games
PATH: /usr/local/games
PATH: /snap/bin


## ----------- ##
## Core tests. ##
## ----------- ##

configure:2553: checking for a BSD-compatible install
configure:2621: result: /usr/bin/install -c
configure:2632: checking whether build environment is sane
configure:2687: result: yes
configure:2838: checking for a thread-safe mkdir -p
configure:2877: result: /bin/mkdir -p
configure:2884: checking for gawk
configure:2914: result: no
configure:2884: checking for mawk
configure:2900: found /usr/bin/mawk
configure:2911: result: mawk
configure:2922: checking whether make sets $(MAKE)
configure:2944: result: yes
configure:2973: checking whether make supports nested variables
configure:2990: result: yes
configure:3127: checking whether make supports nested variables
configure:3144: result: yes
configure:3218: checking for sw_vers
configure:3248: result: no
configure:3360: checking for g++
configure:3376: found /usr/bin/g++
configure:3387: result: g++
configure:3414: checking for C++ compiler version
configure:3423: g++ --version >&5
g++ (Ubuntu 5.4.0-6ubuntu1~16.04.4) 5.4.0 20160609
Copyright (C) 2015 Free Software Foundation, Inc.
This is free software; see the source for copying conditions.  There is NO
warranty; not even for MERCHANTABILITY or FITNESS FOR A PARTICULAR PURPOSE.

configure:3434: $? = 0
configure:3423: g++ -v >&5
Using built-in specs.
COLLECT_GCC=g++
COLLECT_LTO_WRAPPER=/usr/lib/gcc/x86_64-linux-gnu/5/lto-wrapper
Target: x86_64-linux-gnu
Configured with: ../src/configure -v --with-pkgversion='Ubuntu 5.4.0-6ubuntu1~16.04.4' --with-bugurl=file:///usr/share/doc/gcc-5/README.Bugs --enable-languages=c,ada,c++,java,go,d,fortran,objc,obj-c++ --prefix=/usr --program-suffix=-5 --enable-shared --enable-linker-build-id --libexecdir=/usr/lib --without-included-gettext --enable-threads=posix --libdir=/usr/lib --enable-nls --with-sysroot=/ --enable-clocale=gnu --enable-libstdcxx-debug --enable-libstdcxx-time=yes --with-default-libstdcxx-abi=new --enable-gnu-unique-object --disable-vtable-verify --enable-libmpx --enable-plugin --with-system-zlib --disable-browser-plugin --enable-java-awt=gtk --enable-gtk-cairo --with-java-home=/usr/lib/jvm/java-1.5.0-gcj-5-amd64/jre --enable-java-home --with-jvm-root-dir=/usr/lib/jvm/java-1.5.0-gcj-5-amd64 --with-jvm-jar-dir=/usr/lib/jvm-exports/java-1.5.0-gcj-5-amd64 --with-arch-directory=amd64 --with-ecj-jar=/usr/share/java/eclipse-ecj.jar --enable-objc-gc --enable-multiarch --disable-werror --with-arch-32=i686 --with-abi=m64 --with-multilib-list=m32,m64,mx32 --enable-multilib --with-tune=generic --enable-checking=release --build=x86_64-linux-gnu --host=x86_64-linux-gnu --target=x86_64-linux-gnu
Thread model: posix
gcc version 5.4.0 20160609 (Ubuntu 5.4.0-6ubuntu1~16.04.4) 
configure:3434: $? = 0
configure:3423: g++ -V >&5
g++: error: unrecognized command line option '-V'
g++: fatal error: no input files
compilation terminated.
configure:3434: $? = 1
configure:3423: g++ -qversion >&5
g++: error: unrecognized command line option '-qversion'
g++: fatal error: no input files
compilation terminated.
configure:3434: $? = 1
configure:3454: checking whether the C++ compiler works
configure:3476: g++ -O3   conftest.cpp  >&5
configure:3480: $? = 0
configure:3528: result: yes
configure:3531: checking for C++ compiler default output file name
configure:3533: result: a.out
configure:3539: checking for suffix of executables
configure:3546: g++ -o conftest -O3   conftest.cpp  >&5
configure:3550: $? = 0
configure:3572: result: 
configure:3594: checking whether we are cross compiling
configure:3602: g++ -o conftest -O3   conftest.cpp  >&5
configure:3606: $? = 0
configure:3613: ./conftest
configure:3617: $? = 0
configure:3632: result: no
configure:3637: checking for suffix of object files
configure:3659: g++ -c -O3  conftest.cpp >&5
configure:3663: $? = 0
configure:3684: result: o
configure:3688: checking whether we are using the GNU C++ compiler
configure:3707: g++ -c -O3  conftest.cpp >&5
configure:3707: $? = 0
configure:3716: result: yes
configure:3725: checking whether g++ accepts -g
configure:3745: g++ -c -g  conftest.cpp >&5
configure:3745: $? = 0
configure:3786: result: yes
configure:3820: checking for style of include used by make
configure:3848: result: GNU
configure:3874: checking dependency style of g++
configure:3985: result: gcc3
configure:4003: checking whether to include C++11 flag for testing
configure:4142: result: no
configure:4194: checking for gcc
configure:4210: found /usr/bin/gcc
configure:4221: result: gcc
configure:4450: checking for C compiler version
configure:4459: gcc --version >&5
gcc (Ubuntu 5.4.0-6ubuntu1~16.04.4) 5.4.0 20160609
Copyright (C) 2015 Free Software Foundation, Inc.
This is free software; see the source for copying conditions.  There is NO
warranty; not even for MERCHANTABILITY or FITNESS FOR A PARTICULAR PURPOSE.

configure:4470: $? = 0
configure:4459: gcc -v >&5
Using built-in specs.
COLLECT_GCC=gcc
COLLECT_LTO_WRAPPER=/usr/lib/gcc/x86_64-linux-gnu/5/lto-wrapper
Target: x86_64-linux-gnu
Configured with: ../src/configure -v --with-pkgversion='Ubuntu 5.4.0-6ubuntu1~16.04.4' --with-bugurl=file:///usr/share/doc/gcc-5/README.Bugs --enable-languages=c,ada,c++,java,go,d,fortran,objc,obj-c++ --prefix=/usr --program-suffix=-5 --enable-shared --enable-linker-build-id --libexecdir=/usr/lib --without-included-gettext --enable-threads=posix --libdir=/usr/lib --enable-nls --with-sysroot=/ --enable-clocale=gnu --enable-libstdcxx-debug --enable-libstdcxx-time=yes --with-default-libstdcxx-abi=new --enable-gnu-unique-object --disable-vtable-verify --enable-libmpx --enable-plugin --with-system-zlib --disable-browser-plugin --enable-java-awt=gtk --enable-gtk-cairo --with-java-home=/usr/lib/jvm/java-1.5.0-gcj-5-amd64/jre --enable-java-home --with-jvm-root-dir=/usr/lib/jvm/java-1.5.0-gcj-5-amd64 --with-jvm-jar-dir=/usr/lib/jvm-exports/java-1.5.0-gcj-5-amd64 --with-arch-directory=amd64 --with-ecj-jar=/usr/share/java/eclipse-ecj.jar --enable-objc-gc --enable-multiarch --disable-werror --with-arch-32=i686 --with-abi=m64 --with-multilib-list=m32,m64,mx32 --enable-multilib --with-tune=generic --enable-checking=release --build=x86_64-linux-gnu --host=x86_64-linux-gnu --target=x86_64-linux-gnu
Thread model: posix
gcc version 5.4.0 20160609 (Ubuntu 5.4.0-6ubuntu1~16.04.4) 
configure:4470: $? = 0
configure:4459: gcc -V >&5
gcc: error: unrecognized command line option '-V'
gcc: fatal error: no input files
compilation terminated.
configure:4470: $? = 1
configure:4459: gcc -qversion >&5
gcc: error: unrecognized command line option '-qversion'
gcc: fatal error: no input files
compilation terminated.
configure:4470: $? = 1
configure:4474: checking whether we are using the GNU C compiler
configure:4493: gcc -c   conftest.c >&5
configure:4493: $? = 0
configure:4502: result: yes
configure:4511: checking whether gcc accepts -g
configure:4531: gcc -c -g  conftest.c >&5
configure:4531: $? = 0
configure:4572: result: yes
configure:4589: checking for gcc option to accept ISO C89
configure:4652: gcc  -c -g -O2  conftest.c >&5
configure:4652: $? = 0
configure:4665: result: none needed
configure:4690: checking whether gcc understands -c and -o together
configure:4712: gcc -c conftest.c -o conftest2.o
configure:4715: $? = 0
configure:4712: gcc -c conftest.c -o conftest2.o
configure:4715: $? = 0
configure:4727: result: yes
configure:4746: checking dependency style of gcc
configure:4857: result: gcc3
configure:4873: checking whether ln -s works
configure:4877: result: yes
configure:4913: checking build system type
configure:4927: result: x86_64-unknown-linux-gnu
configure:4947: checking host system type
configure:4960: result: x86_64-unknown-linux-gnu
configure:5001: checking how to print strings
configure:5028: result: printf
configure:5049: checking for a sed that does not truncate output
configure:5113: result: /bin/sed
configure:5131: checking for grep that handles long lines and -e
configure:5189: result: /bin/grep
configure:5194: checking for egrep
configure:5256: result: /bin/grep -E
configure:5261: checking for fgrep
configure:5323: result: /bin/grep -F
configure:5358: checking for ld used by gcc
configure:5425: result: /usr/bin/ld
configure:5432: checking if the linker (/usr/bin/ld) is GNU ld
configure:5447: result: yes
configure:5459: checking for BSD- or MS-compatible name lister (nm)
configure:5508: result: /usr/bin/nm -B
configure:5638: checking the name lister (/usr/bin/nm -B) interface
configure:5645: g++ -c -O3  conftest.cpp >&5
configure:5648: /usr/bin/nm -B "conftest.o"
configure:5651: output
0000000000000000 B some_variable
configure:5658: result: BSD nm
configure:5662: checking the maximum length of command line arguments
configure:5793: result: 1572864
configure:5810: checking whether the shell understands some XSI constructs
configure:5820: result: yes
configure:5824: checking whether the shell understands "+="
configure:5830: result: yes
configure:5865: checking how to convert x86_64-unknown-linux-gnu file names to x86_64-unknown-linux-gnu format
configure:5905: result: func_convert_file_noop
configure:5912: checking how to convert x86_64-unknown-linux-gnu file names to toolchain format
configure:5932: result: func_convert_file_noop
configure:5939: checking for /usr/bin/ld option to reload object files
configure:5946: result: -r
configure:6020: checking for objdump
configure:6036: found /usr/bin/objdump
configure:6047: result: objdump
configure:6079: checking how to recognize dependent libraries
configure:6277: result: pass_all
configure:6362: checking for dlltool
configure:6392: result: no
configure:6422: checking how to associate runtime and link libraries
configure:6449: result: printf %s\n
configure:6509: checking for ar
configure:6525: found /usr/bin/ar
configure:6536: result: ar
configure:6573: checking for archiver @FILE support
configure:6590: g++ -c -O3  conftest.cpp >&5
configure:6590: $? = 0
configure:6593: ar cru libconftest.a @conftest.lst >&5
ar: `u' modifier ignored since `D' is the default (see `U')
configure:6596: $? = 0
configure:6601: ar cru libconftest.a @conftest.lst >&5
ar: `u' modifier ignored since `D' is the default (see `U')
ar: conftest.o: No such file or directory
configure:6604: $? = 1
configure:6616: result: @
configure:6674: checking for strip
configure:6690: found /usr/bin/strip
configure:6701: result: strip
configure:6773: checking for ranlib
configure:6789: found /usr/bin/ranlib
configure:6800: result: ranlib
configure:6902: checking command to parse /usr/bin/nm -B output from gcc object
configure:7022: g++ -c -O3  conftest.cpp >&5
configure:7025: $? = 0
configure:7029: /usr/bin/nm -B conftest.o \| sed -n -e 's/^.*[ ]\([ABCDGIRSTW][ABCDGIRSTW]*\)[ ][ ]*\([_A-Za-z][_A-Za-z0-9]*\)$/\1 \2 \2/p' | sed '/ __gnu_lto/d' \> conftest.nm
configure:7032: $? = 0
configure:7098: g++ -o conftest -O3   conftest.cpp conftstm.o >&5
configure:7101: $? = 0
configure:7139: result: ok
configure:7176: checking for sysroot
configure:7206: result: no
configure:7284: g++ -c -O3  conftest.cpp >&5
configure:7287: $? = 0
configure:7470: checking for mt
configure:7486: found /bin/mt
configure:7497: result: mt
configure:7520: checking if mt is a manifest tool
configure:7526: mt '-?'
configure:7534: result: no
configure:8176: checking how to run the C preprocessor
configure:8207: gcc -E  conftest.c
configure:8207: $? = 0
configure:8221: gcc -E  conftest.c
conftest.c:13:28: fatal error: ac_nonexistent.h: No such file or directory
compilation terminated.
configure:8221: $? = 1
configure: failed program was:
| /* confdefs.h */
| #define PACKAGE_NAME "LHAPDF"
| #define PACKAGE_TARNAME "LHAPDF"
| #define PACKAGE_VERSION "6.1.6"
| #define PACKAGE_STRING "LHAPDF 6.1.6"
| #define PACKAGE_BUGREPORT "lhapdf@projects.hepforge.org"
| #define PACKAGE_URL ""
| #define PACKAGE "LHAPDF"
| #define VERSION "6.1.6"
| #define LHAPDF_VERSION "6.1.6"
| #define LHAPDF_VERSION_CODE 60106
| /* end confdefs.h.  */
| #include <ac_nonexistent.h>
configure:8246: result: gcc -E
configure:8266: gcc -E  conftest.c
configure:8266: $? = 0
configure:8280: gcc -E  conftest.c
conftest.c:13:28: fatal error: ac_nonexistent.h: No such file or directory
compilation terminated.
configure:8280: $? = 1
configure: failed program was:
| /* confdefs.h */
| #define PACKAGE_NAME "LHAPDF"
| #define PACKAGE_TARNAME "LHAPDF"
| #define PACKAGE_VERSION "6.1.6"
| #define PACKAGE_STRING "LHAPDF 6.1.6"
| #define PACKAGE_BUGREPORT "lhapdf@projects.hepforge.org"
| #define PACKAGE_URL ""
| #define PACKAGE "LHAPDF"
| #define VERSION "6.1.6"
| #define LHAPDF_VERSION "6.1.6"
| #define LHAPDF_VERSION_CODE 60106
| /* end confdefs.h.  */
| #include <ac_nonexistent.h>
configure:8309: checking for ANSI C header files
configure:8329: gcc -c -g -O2  conftest.c >&5
configure:8329: $? = 0
configure:8402: gcc -o conftest -g -O2   conftest.c  >&5
configure:8402: $? = 0
configure:8402: ./conftest
configure:8402: $? = 0
configure:8413: result: yes
configure:8426: checking for sys/types.h
configure:8426: gcc -c -g -O2  conftest.c >&5
configure:8426: $? = 0
configure:8426: result: yes
configure:8426: checking for sys/stat.h
configure:8426: gcc -c -g -O2  conftest.c >&5
configure:8426: $? = 0
configure:8426: result: yes
configure:8426: checking for stdlib.h
configure:8426: gcc -c -g -O2  conftest.c >&5
configure:8426: $? = 0
configure:8426: result: yes
configure:8426: checking for string.h
configure:8426: gcc -c -g -O2  conftest.c >&5
configure:8426: $? = 0
configure:8426: result: yes
configure:8426: checking for memory.h
configure:8426: gcc -c -g -O2  conftest.c >&5
configure:8426: $? = 0
configure:8426: result: yes
configure:8426: checking for strings.h
configure:8426: gcc -c -g -O2  conftest.c >&5
configure:8426: $? = 0
configure:8426: result: yes
configure:8426: checking for inttypes.h
configure:8426: gcc -c -g -O2  conftest.c >&5
configure:8426: $? = 0
configure:8426: result: yes
configure:8426: checking for stdint.h
configure:8426: gcc -c -g -O2  conftest.c >&5
configure:8426: $? = 0
configure:8426: result: yes
configure:8426: checking for unistd.h
configure:8426: gcc -c -g -O2  conftest.c >&5
configure:8426: $? = 0
configure:8426: result: yes
configure:8440: checking for dlfcn.h
configure:8440: gcc -c -g -O2  conftest.c >&5
configure:8440: $? = 0
configure:8440: result: yes
configure:8656: checking for objdir
configure:8671: result: .libs
configure:8942: checking if gcc supports -fno-rtti -fno-exceptions
configure:8960: gcc -c -g -O2  -fno-rtti -fno-exceptions conftest.c >&5
cc1: warning: command line option '-fno-rtti' is valid for C++/ObjC++ but not for C
configure:8964: $? = 0
configure:8977: result: no
configure:9304: checking for gcc option to produce PIC
configure:9311: result: -fPIC -DPIC
configure:9319: checking if gcc PIC flag -fPIC -DPIC works
configure:9337: gcc -c -g -O2  -fPIC -DPIC -DPIC conftest.c >&5
configure:9341: $? = 0
configure:9354: result: yes
configure:9383: checking if gcc static flag -static works
configure:9411: result: yes
configure:9426: checking if gcc supports -c -o file.o
configure:9447: gcc -c -g -O2  -o out/conftest2.o conftest.c >&5
configure:9451: $? = 0
configure:9473: result: yes
configure:9481: checking if gcc supports -c -o file.o
configure:9528: result: yes
configure:9561: checking whether the gcc linker (/usr/bin/ld -m elf_x86_64) supports shared libraries
configure:10718: result: yes
configure:10755: checking whether -lc should be explicitly linked in
configure:10763: gcc -c -g -O2  conftest.c >&5
configure:10766: $? = 0
configure:10781: gcc -shared  -fPIC -DPIC conftest.o  -v -Wl,-soname -Wl,conftest -o conftest 2\>\&1 \| /bin/grep  -lc  \>/dev/null 2\>\&1
configure:10784: $? = 0
configure:10798: result: no
configure:10958: checking dynamic linker characteristics
configure:11458: gcc -o conftest -g -O2   -Wl,-rpath -Wl,/foo conftest.c  >&5
configure:11458: $? = 0
configure:11692: result: GNU/Linux ld.so
configure:11799: checking how to hardcode library paths into programs
configure:11824: result: immediate
configure:12364: checking whether stripping libraries is possible
configure:12369: result: yes
configure:12404: checking if libtool supports shared libraries
configure:12406: result: yes
configure:12409: checking whether to build shared libraries
configure:12430: result: yes
configure:12433: checking whether to build static libraries
configure:12437: result: yes
configure:12460: checking how to run the C++ preprocessor
configure:12487: g++ -E  conftest.cpp
configure:12487: $? = 0
configure:12501: g++ -E  conftest.cpp
conftest.cpp:25:28: fatal error: ac_nonexistent.h: No such file or directory
compilation terminated.
configure:12501: $? = 1
configure: failed program was:
| /* confdefs.h */
| #define PACKAGE_NAME "LHAPDF"
| #define PACKAGE_TARNAME "LHAPDF"
| #define PACKAGE_VERSION "6.1.6"
| #define PACKAGE_STRING "LHAPDF 6.1.6"
| #define PACKAGE_BUGREPORT "lhapdf@projects.hepforge.org"
| #define PACKAGE_URL ""
| #define PACKAGE "LHAPDF"
| #define VERSION "6.1.6"
| #define LHAPDF_VERSION "6.1.6"
| #define LHAPDF_VERSION_CODE 60106
| #define STDC_HEADERS 1
| #define HAVE_SYS_TYPES_H 1
| #define HAVE_SYS_STAT_H 1
| #define HAVE_STDLIB_H 1
| #define HAVE_STRING_H 1
| #define HAVE_MEMORY_H 1
| #define HAVE_STRINGS_H 1
| #define HAVE_INTTYPES_H 1
| #define HAVE_STDINT_H 1
| #define HAVE_UNISTD_H 1
| #define HAVE_DLFCN_H 1
| #define LT_OBJDIR ".libs/"
| /* end confdefs.h.  */
| #include <ac_nonexistent.h>
configure:12526: result: g++ -E
configure:12546: g++ -E  conftest.cpp
configure:12546: $? = 0
configure:12560: g++ -E  conftest.cpp
conftest.cpp:25:28: fatal error: ac_nonexistent.h: No such file or directory
compilation terminated.
configure:12560: $? = 1
configure: failed program was:
| /* confdefs.h */
| #define PACKAGE_NAME "LHAPDF"
| #define PACKAGE_TARNAME "LHAPDF"
| #define PACKAGE_VERSION "6.1.6"
| #define PACKAGE_STRING "LHAPDF 6.1.6"
| #define PACKAGE_BUGREPORT "lhapdf@projects.hepforge.org"
| #define PACKAGE_URL ""
| #define PACKAGE "LHAPDF"
| #define VERSION "6.1.6"
| #define LHAPDF_VERSION "6.1.6"
| #define LHAPDF_VERSION_CODE 60106
| #define STDC_HEADERS 1
| #define HAVE_SYS_TYPES_H 1
| #define HAVE_SYS_STAT_H 1
| #define HAVE_STDLIB_H 1
| #define HAVE_STRING_H 1
| #define HAVE_MEMORY_H 1
| #define HAVE_STRINGS_H 1
| #define HAVE_INTTYPES_H 1
| #define HAVE_STDINT_H 1
| #define HAVE_UNISTD_H 1
| #define HAVE_DLFCN_H 1
| #define LT_OBJDIR ".libs/"
| /* end confdefs.h.  */
| #include <ac_nonexistent.h>
configure:12729: checking for ld used by g++
configure:12796: result: /usr/bin/ld -m elf_x86_64
configure:12803: checking if the linker (/usr/bin/ld -m elf_x86_64) is GNU ld
configure:12818: result: yes
configure:12873: checking whether the g++ linker (/usr/bin/ld -m elf_x86_64) supports shared libraries
configure:13875: result: yes
configure:13911: g++ -c -O3  conftest.cpp >&5
configure:13914: $? = 0
configure:14434: checking for g++ option to produce PIC
configure:14441: result: -fPIC -DPIC
configure:14449: checking if g++ PIC flag -fPIC -DPIC works
configure:14467: g++ -c -O3  -fPIC -DPIC -DPIC conftest.cpp >&5
configure:14471: $? = 0
configure:14484: result: yes
configure:14507: checking if g++ static flag -static works
configure:14535: result: yes
configure:14547: checking if g++ supports -c -o file.o
configure:14568: g++ -c -O3  -o out/conftest2.o conftest.cpp >&5
configure:14572: $? = 0
configure:14594: result: yes
configure:14599: checking if g++ supports -c -o file.o
configure:14646: result: yes
configure:14676: checking whether the g++ linker (/usr/bin/ld -m elf_x86_64) supports shared libraries
configure:14715: result: yes
configure:14856: checking dynamic linker characteristics
configure:15524: result: GNU/Linux ld.so
configure:15577: checking how to hardcode library paths into programs
configure:15602: result: immediate
configure:15681: Building LHAGLUE Fortran wrappers
configure:15684: Building LHAGLUE C++ wrappers
configure:15727: checking for pdflatex
configure:15745: found /usr/bin/pdflatex
configure:15757: result: /usr/bin/pdflatex
configure:15778: checking for doxygen
configure:15811: result: no
configure:15837: checking for python
configure:15855: found /usr/bin/python
configure:15867: result: /usr/bin/python
configure:15944: checking for python version
configure:15951: result: 2.7
configure:15963: checking for python platform
configure:15970: result: linux2
configure:15996: checking for python script directory
configure:16031: result: ${prefix}/lib/python2.7/site-packages
configure:16040: checking for python extension module directory
configure:16075: result: ${exec_prefix}/lib/python2.7/site-packages
configure:16091: checking for Cython >= 0.19
Traceback (most recent call last):
  File "<string>", line 1, in <module>
ImportError: No module named Cython.Compiler.Version
configure:16125: result: no
configure:16169: checking if the g++ compiler accepts the -pedantic flag
configure:16185: result: yes
configure:16208: checking if the g++ compiler accepts the -Wall flag
configure:16224: result: yes
configure:16247: checking if the g++ compiler accepts the -Wno-long-long flag
configure:16263: result: yes
configure:16286: checking if the g++ compiler accepts the -Qunused-arguments flag
configure:16302: result: no
configure: this is boost.m4 serial 25
configure:16357: checking for Boost headers version >= 1.41.0
configure:16428: g++ -c -O3  -I/home/lukas/Schreibtisch/Bino/SModelS-Setup-Bino/prog/LHAPDF-6.1.6/installation/include conftest.cpp >&5
configure:16428: $? = 0
configure:16449: result: yes
configure:16468: checking for Boost's header version
configure:16498: result: 1_58
configure:16521: checking boost/foreach.hpp usability
configure:16521: g++ -c -O3  -I/home/lukas/Schreibtisch/Bino/SModelS-Setup-Bino/prog/LHAPDF-6.1.6/installation/include  conftest.cpp >&5
configure:16521: $? = 0
configure:16521: result: yes
configure:16521: checking boost/foreach.hpp presence
configure:16521: g++ -E  -I/home/lukas/Schreibtisch/Bino/SModelS-Setup-Bino/prog/LHAPDF-6.1.6/installation/include  conftest.cpp
configure:16521: $? = 0
configure:16521: result: yes
configure:16521: checking for boost/foreach.hpp
configure:16521: result: yes
configure:16551: checking boost/scoped_ptr.hpp usability
configure:16551: g++ -c -O3  -I/home/lukas/Schreibtisch/Bino/SModelS-Setup-Bino/prog/LHAPDF-6.1.6/installation/include  conftest.cpp >&5
configure:16551: $? = 0
configure:16551: result: yes
configure:16551: checking boost/scoped_ptr.hpp presence
configure:16551: g++ -E  -I/home/lukas/Schreibtisch/Bino/SModelS-Setup-Bino/prog/LHAPDF-6.1.6/installation/include  conftest.cpp
configure:16551: $? = 0
configure:16551: result: yes
configure:16551: checking for boost/scoped_ptr.hpp
configure:16551: result: yes
configure:16580: checking boost/shared_ptr.hpp usability
configure:16580: g++ -c -O3  -I/home/lukas/Schreibtisch/Bino/SModelS-Setup-Bino/prog/LHAPDF-6.1.6/installation/include  conftest.cpp >&5
configure:16580: $? = 0
configure:16580: result: yes
configure:16580: checking boost/shared_ptr.hpp presence
configure:16580: g++ -E  -I/home/lukas/Schreibtisch/Bino/SModelS-Setup-Bino/prog/LHAPDF-6.1.6/installation/include  conftest.cpp
configure:16580: $? = 0
configure:16580: result: yes
configure:16580: checking for boost/shared_ptr.hpp
configure:16580: result: yes
configure:16611: checking boost/algorithm/string.hpp usability
configure:16611: g++ -c -O3  -I/home/lukas/Schreibtisch/Bino/SModelS-Setup-Bino/prog/LHAPDF-6.1.6/installation/include  conftest.cpp >&5
configure:16611: $? = 0
configure:16611: result: yes
configure:16611: checking boost/algorithm/string.hpp presence
configure:16611: g++ -E  -I/home/lukas/Schreibtisch/Bino/SModelS-Setup-Bino/prog/LHAPDF-6.1.6/installation/include  conftest.cpp
configure:16611: $? = 0
configure:16611: result: yes
configure:16611: checking for boost/algorithm/string.hpp
configure:16611: result: yes
configure:16642: checking boost/lexical_cast.hpp usability
configure:16642: g++ -c -O3  -I/home/lukas/Schreibtisch/Bino/SModelS-Setup-Bino/prog/LHAPDF-6.1.6/installation/include  conftest.cpp >&5
configure:16642: $? = 0
configure:16642: result: yes
configure:16642: checking boost/lexical_cast.hpp presence
configure:16642: g++ -E  -I/home/lukas/Schreibtisch/Bino/SModelS-Setup-Bino/prog/LHAPDF-6.1.6/installation/include  conftest.cpp
configure:16642: $? = 0
configure:16642: result: yes
configure:16642: checking for boost/lexical_cast.hpp
configure:16642: result: yes
configure:16671: checking boost/range.hpp usability
configure:16671: g++ -c -O3  -I/home/lukas/Schreibtisch/Bino/SModelS-Setup-Bino/prog/LHAPDF-6.1.6/installation/include  conftest.cpp >&5
configure:16671: $? = 0
configure:16671: result: yes
configure:16671: checking boost/range.hpp presence
configure:16671: g++ -E  -I/home/lukas/Schreibtisch/Bino/SModelS-Setup-Bino/prog/LHAPDF-6.1.6/installation/include  conftest.cpp
configure:16671: $? = 0
configure:16671: result: yes
configure:16671: checking for boost/range.hpp
configure:16671: result: yes
configure:16700: checking boost/bind.hpp usability
configure:16700: g++ -c -O3  -I/home/lukas/Schreibtisch/Bino/SModelS-Setup-Bino/prog/LHAPDF-6.1.6/installation/include  conftest.cpp >&5
configure:16700: $? = 0
configure:16700: result: yes
configure:16700: checking boost/bind.hpp presence
configure:16700: g++ -E  -I/home/lukas/Schreibtisch/Bino/SModelS-Setup-Bino/prog/LHAPDF-6.1.6/installation/include  conftest.cpp
configure:16700: $? = 0
configure:16700: result: yes
configure:16700: checking for boost/bind.hpp
configure:16700: result: yes
configure:16729: checking boost/random.hpp usability
configure:16729: g++ -c -O3  -I/home/lukas/Schreibtisch/Bino/SModelS-Setup-Bino/prog/LHAPDF-6.1.6/installation/include  conftest.cpp >&5
configure:16729: $? = 0
configure:16729: result: yes
configure:16729: checking boost/random.hpp presence
configure:16729: g++ -E  -I/home/lukas/Schreibtisch/Bino/SModelS-Setup-Bino/prog/LHAPDF-6.1.6/installation/include  conftest.cpp
configure:16729: $? = 0
configure:16729: result: yes
configure:16729: checking for boost/random.hpp
configure:16729: result: yes
configure:16758: checking boost/math/distributions/chi_squared.hpp usability
configure:16758: g++ -c -O3  -I/home/lukas/Schreibtisch/Bino/SModelS-Setup-Bino/prog/LHAPDF-6.1.6/installation/include  conftest.cpp >&5
configure:16758: $? = 0
configure:16758: result: yes
configure:16758: checking boost/math/distributions/chi_squared.hpp presence
configure:16758: g++ -E  -I/home/lukas/Schreibtisch/Bino/SModelS-Setup-Bino/prog/LHAPDF-6.1.6/installation/include  conftest.cpp
configure:16758: $? = 0
configure:16758: result: yes
configure:16758: checking for boost/math/distributions/chi_squared.hpp
configure:16758: result: yes
configure:16787: checking boost/math/special_functions/erf.hpp usability
configure:16787: g++ -c -O3  -I/home/lukas/Schreibtisch/Bino/SModelS-Setup-Bino/prog/LHAPDF-6.1.6/installation/include  conftest.cpp >&5
configure:16787: $? = 0
configure:16787: result: yes
configure:16787: checking boost/math/special_functions/erf.hpp presence
configure:16787: g++ -E  -I/home/lukas/Schreibtisch/Bino/SModelS-Setup-Bino/prog/LHAPDF-6.1.6/installation/include  conftest.cpp
configure:16787: $? = 0
configure:16787: result: yes
configure:16787: checking for boost/math/special_functions/erf.hpp
configure:16787: result: yes
configure:16808: checking if boost rvalue bug is present
configure:16846: g++ -o conftest -O3  -I/home/lukas/Schreibtisch/Bino/SModelS-Setup-Bino/prog/LHAPDF-6.1.6/installation/include   -L/home/lukas/Schreibtisch/Bino/SModelS-Setup-Bino/prog/LHAPDF-6.1.6/installation/lib conftest.cpp  >&5
configure:16846: $? = 0
configure:16846: ./conftest
configure:16846: $? = 0
configure:16848: result: no
configure:17008: checking that generated files are newer than configure
configure:17014: result: done
configure:17069: creating ./config.status

## ---------------------- ##
## Running config.status. ##
## ---------------------- ##

This file was extended by LHAPDF config.status 6.1.6, which was
generated by GNU Autoconf 2.69.  Invocation command line was

  CONFIG_FILES    = 
  CONFIG_HEADERS  = 
  CONFIG_LINKS    = 
  CONFIG_COMMANDS = 
  $ ./config.status 

on Laptop

config.status:1208: creating Makefile
config.status:1208: creating src/Makefile
config.status:1208: creating src/yamlcpp/Makefile
config.status:1208: creating include/Makefile
config.status:1208: creating include/LHAPDF/Makefile
config.status:1208: creating examples/Makefile
config.status:1208: creating tests/Makefile
config.status:1208: creating doc/Makefile
config.status:1208: creating doc/Doxyfile
config.status:1208: creating lhapdf
config.status:1208: creating lhapdf-config
config.status:1208: creating lhapdf.pc
config.status:1208: creating wrappers/Makefile
config.status:1208: creating wrappers/python/Makefile
config.status:1208: creating wrappers/python/setup.py
config.status:1208: creating config/config.h
config.status:1389: config/config.h is unchanged
config.status:1208: creating include/LHAPDF/Version.h
config.status:1389: include/LHAPDF/Version.h is unchanged
config.status:1437: executing depfiles commands
config.status:1437: executing libtool commands

## ---------------- ##
## Cache variables. ##
## ---------------- ##

ac_cv_build=x86_64-unknown-linux-gnu
ac_cv_c_compiler_gnu=yes
ac_cv_cxx_compiler_gnu=yes
ac_cv_env_BOOST_ROOT_set=
ac_cv_env_BOOST_ROOT_value=
ac_cv_env_CCC_set=
ac_cv_env_CCC_value=
ac_cv_env_CC_set=
ac_cv_env_CC_value=
ac_cv_env_CFLAGS_set=
ac_cv_env_CFLAGS_value=
ac_cv_env_CPPFLAGS_set=
ac_cv_env_CPPFLAGS_value=
ac_cv_env_CPP_set=
ac_cv_env_CPP_value=
ac_cv_env_CXXCPP_set=
ac_cv_env_CXXCPP_value=
ac_cv_env_CXXFLAGS_set=
ac_cv_env_CXXFLAGS_value=
ac_cv_env_CXX_set=
ac_cv_env_CXX_value=
ac_cv_env_LDFLAGS_set=
ac_cv_env_LDFLAGS_value=
ac_cv_env_LIBS_set=
ac_cv_env_LIBS_value=
ac_cv_env_PYTHON_set=
ac_cv_env_PYTHON_value=
ac_cv_env_build_alias_set=
ac_cv_env_build_alias_value=
ac_cv_env_host_alias_set=
ac_cv_env_host_alias_value=
ac_cv_env_target_alias_set=
ac_cv_env_target_alias_value=
ac_cv_header_boost_algorithm_string_hpp=yes
ac_cv_header_boost_bind_hpp=yes
ac_cv_header_boost_foreach_hpp=yes
ac_cv_header_boost_lexical_cast_hpp=yes
ac_cv_header_boost_math_distributions_chi_squared_hpp=yes
ac_cv_header_boost_math_special_functions_erf_hpp=yes
ac_cv_header_boost_random_hpp=yes
ac_cv_header_boost_range_hpp=yes
ac_cv_header_boost_scoped_ptr_hpp=yes
ac_cv_header_boost_shared_ptr_hpp=yes
ac_cv_header_dlfcn_h=yes
ac_cv_header_inttypes_h=yes
ac_cv_header_memory_h=yes
ac_cv_header_stdc=yes
ac_cv_header_stdint_h=yes
ac_cv_header_stdlib_h=yes
ac_cv_header_string_h=yes
ac_cv_header_strings_h=yes
ac_cv_header_sys_stat_h=yes
ac_cv_header_sys_types_h=yes
ac_cv_header_unistd_h=yes
ac_cv_host=x86_64-unknown-linux-gnu
ac_cv_objext=o
ac_cv_path_EGREP='/bin/grep -E'
ac_cv_path_FGREP='/bin/grep -F'
ac_cv_path_GREP=/bin/grep
ac_cv_path_PDFLATEX=/usr/bin/pdflatex
ac_cv_path_PYTHON=/usr/bin/python
ac_cv_path_SED=/bin/sed
ac_cv_path_install='/usr/bin/install -c'
ac_cv_path_mkdir=/bin/mkdir
ac_cv_prog_AWK=mawk
ac_cv_prog_CPP='gcc -E'
ac_cv_prog_CXXCPP='g++ -E'
ac_cv_prog_ac_ct_AR=ar
ac_cv_prog_ac_ct_CC=gcc
ac_cv_prog_ac_ct_CXX=g++
ac_cv_prog_ac_ct_MANIFEST_TOOL=mt
ac_cv_prog_ac_ct_OBJDUMP=objdump
ac_cv_prog_ac_ct_RANLIB=ranlib
ac_cv_prog_ac_ct_STRIP=strip
ac_cv_prog_cc_c89=
ac_cv_prog_cc_g=yes
ac_cv_prog_cxx_g=yes
ac_cv_prog_make_make_set=yes
am_cv_CC_dependencies_compiler_type=gcc3
am_cv_CXX_dependencies_compiler_type=gcc3
am_cv_make_support_nested_variables=yes
am_cv_prog_cc_c_o=yes
am_cv_python_platform=linux2
am_cv_python_pyexecdir='${exec_prefix}/lib/python2.7/site-packages'
am_cv_python_pythondir='${prefix}/lib/python2.7/site-packages'
am_cv_python_version=2.7
boost_cv_inc_path=yes
boost_cv_lib_version=1_58
lt_cv_ar_at_file=@
lt_cv_archive_cmds_need_lc=no
lt_cv_deplibs_check_method=pass_all
lt_cv_file_magic_cmd='$MAGIC_CMD'
lt_cv_file_magic_test_file=
lt_cv_ld_reload_flag=-r
lt_cv_nm_interface='BSD nm'
lt_cv_objdir=.libs
lt_cv_path_LD=/usr/bin/ld
lt_cv_path_LDCXX='/usr/bin/ld -m elf_x86_64'
lt_cv_path_NM='/usr/bin/nm -B'
lt_cv_path_mainfest_tool=no
lt_cv_prog_compiler_c_o=yes
lt_cv_prog_compiler_c_o_CXX=yes
lt_cv_prog_compiler_pic='-fPIC -DPIC'
lt_cv_prog_compiler_pic_CXX='-fPIC -DPIC'
lt_cv_prog_compiler_pic_works=yes
lt_cv_prog_compiler_pic_works_CXX=yes
lt_cv_prog_compiler_rtti_exceptions=no
lt_cv_prog_compiler_static_works=yes
lt_cv_prog_compiler_static_works_CXX=yes
lt_cv_prog_gnu_ld=yes
lt_cv_prog_gnu_ldcxx=yes
lt_cv_sharedlib_from_linklib_cmd='printf %s\n'
lt_cv_shlibpath_overrides_runpath=no
lt_cv_sys_global_symbol_pipe='sed -n -e '\''s/^.*[	 ]\([ABCDGIRSTW][ABCDGIRSTW]*\)[	 ][	 ]*\([_A-Za-z][_A-Za-z0-9]*\)$/\1 \2 \2/p'\'' | sed '\''/ __gnu_lto/d'\'''
lt_cv_sys_global_symbol_to_c_name_address='sed -n -e '\''s/^: \([^ ]*\)[ ]*$/  {\"\1\", (void *) 0},/p'\'' -e '\''s/^[ABCDGIRSTW]* \([^ ]*\) \([^ ]*\)$/  {"\2", (void *) \&\2},/p'\'''
lt_cv_sys_global_symbol_to_c_name_address_lib_prefix='sed -n -e '\''s/^: \([^ ]*\)[ ]*$/  {\"\1\", (void *) 0},/p'\'' -e '\''s/^[ABCDGIRSTW]* \([^ ]*\) \(lib[^ ]*\)$/  {"\2", (void *) \&\2},/p'\'' -e '\''s/^[ABCDGIRSTW]* \([^ ]*\) \([^ ]*\)$/  {"lib\2", (void *) \&\2},/p'\'''
lt_cv_sys_global_symbol_to_cdecl='sed -n -e '\''s/^T .* \(.*\)$/extern int \1();/p'\'' -e '\''s/^[ABCDGIRSTW]* .* \(.*\)$/extern char \1;/p'\'''
lt_cv_sys_max_cmd_len=1572864
lt_cv_to_host_file_cmd=func_convert_file_noop
lt_cv_to_tool_file_cmd=func_convert_file_noop
py_cv_cython=no

## ----------------- ##
## Output variables. ##
## ----------------- ##

ACLOCAL='${SHELL} /home/lukas/Schreibtisch/Bino/SModelS-Setup-Bino/prog/LHAPDF-6.1.6/config/missing aclocal-1.15'
AMDEPBACKSLASH='\'
AMDEP_FALSE='#'
AMDEP_TRUE=''
AMTAR='$${TAR-tar}'
AM_BACKSLASH='\'
AM_CPPFLAGS=''
AM_CXXFLAGS=' -pedantic  -Wall  -Wno-long-long '
AM_DEFAULT_V='$(AM_DEFAULT_VERBOSITY)'
AM_DEFAULT_VERBOSITY='0'
AM_LDFLAGS=''
AM_V='$(V)'
AR='ar'
AUTOCONF='${SHELL} /home/lukas/Schreibtisch/Bino/SModelS-Setup-Bino/prog/LHAPDF-6.1.6/config/missing autoconf'
AUTOHEADER='${SHELL} /home/lukas/Schreibtisch/Bino/SModelS-Setup-Bino/prog/LHAPDF-6.1.6/config/missing autoheader'
AUTOMAKE='${SHELL} /home/lukas/Schreibtisch/Bino/SModelS-Setup-Bino/prog/LHAPDF-6.1.6/config/missing automake-1.15'
AWK='mawk'
BOOST_CPPFLAGS=''
BOOST_ROOT=''
CC='gcc'
CCDEPMODE='depmode=gcc3'
CFLAGS='-g -O2'
CPP='gcc -E'
CPPFLAGS=' -I/home/lukas/Schreibtisch/Bino/SModelS-Setup-Bino/prog/LHAPDF-6.1.6/installation/include'
CXX='g++'
CXXCPP='g++ -E'
CXXDEPMODE='depmode=gcc3'
CXXFLAGS='-O3'
CYGPATH_W='echo'
DEFS='-DHAVE_CONFIG_H'
DEPDIR='.deps'
DISTCHECK_CONFIGURE_FLAGS=' '\''--with-boost=yes'\'''
DLLTOOL='false'
DOXYGEN=''
DSYMUTIL=''
DUMPBIN=''
ECHO_C=''
ECHO_N='-n'
ECHO_T=''
EGREP='/bin/grep -E'
ENABLE_LHAGLUE_CXX_FALSE='#'
ENABLE_LHAGLUE_CXX_TRUE=''
ENABLE_LHAGLUE_FALSE='#'
ENABLE_LHAGLUE_TRUE=''
EXEEXT=''
FGREP='/bin/grep -F'
GREP='/bin/grep'
HAVE_CXX11=''
INSTALL_DATA='${INSTALL} -m 644'
INSTALL_PROGRAM='${INSTALL}'
INSTALL_SCRIPT='${INSTALL}'
INSTALL_STRIP_PROGRAM='$(install_sh) -c -s'
LD='/usr/bin/ld -m elf_x86_64'
LDFLAGS=' -L/home/lukas/Schreibtisch/Bino/SModelS-Setup-Bino/prog/LHAPDF-6.1.6/installation/lib'
LIBOBJS=''
LIBS=''
LIBTOOL='$(SHELL) $(top_builddir)/libtool'
LIPO=''
LN_S='ln -s'
LTLIBOBJS=''
MAKEINFO='${SHELL} /home/lukas/Schreibtisch/Bino/SModelS-Setup-Bino/prog/LHAPDF-6.1.6/config/missing makeinfo'
MANIFEST_TOOL=':'
MKDIR_P='/bin/mkdir -p'
NM='/usr/bin/nm -B'
NMEDIT=''
OBJDUMP='objdump'
OBJEXT='o'
OTOOL64=''
OTOOL=''
PACKAGE='LHAPDF'
PACKAGE_BUGREPORT='lhapdf@projects.hepforge.org'
PACKAGE_NAME='LHAPDF'
PACKAGE_STRING='LHAPDF 6.1.6'
PACKAGE_TARNAME='LHAPDF'
PACKAGE_URL=''
PACKAGE_VERSION='6.1.6'
PATH_SEPARATOR=':'
PDFLATEX='/usr/bin/pdflatex'
PYTHON='/usr/bin/python'
PYTHON_EXEC_PREFIX='${exec_prefix}'
PYTHON_PATH='/home/lukas/Schreibtisch/Bino/SModelS-Setup-Bino/prog/LHAPDF-6.1.6/installation/lib/python2.7/site-packages'
PYTHON_PLATFORM='linux2'
PYTHON_PREFIX='${prefix}'
PYTHON_VERSION='2.7'
RANLIB='ranlib'
SED='/bin/sed'
SET_MAKE=''
SHELL='/bin/bash'
STRIP='strip'
SWVERS=''
VERSION='6.1.6'
WITH_CYTHON_FALSE=''
WITH_CYTHON_TRUE='#'
WITH_DOXYGEN_FALSE=''
WITH_DOXYGEN_TRUE='#'
WITH_OSX_FALSE=''
WITH_OSX_TRUE='#'
WITH_PDFLATEX_FALSE='#'
WITH_PDFLATEX_TRUE=''
WITH_PYTHON_FALSE='#'
WITH_PYTHON_TRUE=''
ac_ct_AR='ar'
ac_ct_CC='gcc'
ac_ct_CXX='g++'
ac_ct_DUMPBIN=''
am__EXEEXT_FALSE=''
am__EXEEXT_TRUE='#'
am__fastdepCC_FALSE='#'
am__fastdepCC_TRUE=''
am__fastdepCXX_FALSE='#'
am__fastdepCXX_TRUE=''
am__include='include'
am__isrc=''
am__leading_dot='.'
am__nodep='_no'
am__quote=''
am__tar='$${TAR-tar} chof - "$$tardir"'
am__untar='$${TAR-tar} xf -'
bindir='${exec_prefix}/bin'
build='x86_64-unknown-linux-gnu'
build_alias=''
build_cpu='x86_64'
build_os='linux-gnu'
build_vendor='unknown'
datadir='${datarootdir}'
datarootdir='${prefix}/share'
docdir='${datarootdir}/doc/${PACKAGE_TARNAME}'
dvidir='${docdir}'
exec_prefix='${prefix}'
host='x86_64-unknown-linux-gnu'
host_alias=''
host_cpu='x86_64'
host_os='linux-gnu'
host_vendor='unknown'
htmldir='${docdir}'
includedir='${prefix}/include'
infodir='${datarootdir}/info'
install_sh='${SHELL} /home/lukas/Schreibtisch/Bino/SModelS-Setup-Bino/prog/LHAPDF-6.1.6/config/install-sh'
libdir='${exec_prefix}/lib'
libexecdir='${exec_prefix}/libexec'
localedir='${datarootdir}/locale'
localstatedir='${prefix}/var'
mandir='${datarootdir}/man'
mkdir_p='$(MKDIR_P)'
oldincludedir='/usr/include'
pdfdir='${docdir}'
pkgpyexecdir='${pyexecdir}/LHAPDF'
pkgpythondir='${pythondir}/LHAPDF'
prefix='/home/lukas/Schreibtisch/Bino/SModelS-Setup-Bino/prog/LHAPDF-6.1.6/installation'
program_transform_name='s,x,x,'
psdir='${docdir}'
pyexecdir='${exec_prefix}/lib/python2.7/site-packages'
pythondir='${prefix}/lib/python2.7/site-packages'
runstatedir='${localstatedir}/run'
sbindir='${exec_prefix}/sbin'
sharedstatedir='${prefix}/com'
sysconfdir='${prefix}/etc'
target_alias=''

## ----------- ##
## confdefs.h. ##
## ----------- ##

/* confdefs.h */
#define PACKAGE_NAME "LHAPDF"
#define PACKAGE_TARNAME "LHAPDF"
#define PACKAGE_VERSION "6.1.6"
#define PACKAGE_STRING "LHAPDF 6.1.6"
#define PACKAGE_BUGREPORT "lhapdf@projects.hepforge.org"
#define PACKAGE_URL ""
#define PACKAGE "LHAPDF"
#define VERSION "6.1.6"
#define LHAPDF_VERSION "6.1.6"
#define LHAPDF_VERSION_CODE 60106
#define STDC_HEADERS 1
#define HAVE_SYS_TYPES_H 1
#define HAVE_SYS_STAT_H 1
#define HAVE_STDLIB_H 1
#define HAVE_STRING_H 1
#define HAVE_MEMORY_H 1
#define HAVE_STRINGS_H 1
#define HAVE_INTTYPES_H 1
#define HAVE_STDINT_H 1
#define HAVE_UNISTD_H 1
#define HAVE_DLFCN_H 1
#define LT_OBJDIR ".libs/"
#define LHAPDF_PDFLIB 1
#define LHAPDF_LHA5CXX 1
#define HAVE_BOOST 1
#define HAVE_BOOST_FOREACH_HPP 1
#define HAVE_BOOST_SCOPED_PTR_HPP 1
#define HAVE_BOOST_SHARED_PTR_HPP 1
#define HAVE_BOOST_ALGORITHM_STRING_HPP 1
#define HAVE_BOOST_LEXICAL_CAST_HPP 1
#define HAVE_BOOST_RANGE_HPP 1
#define HAVE_BOOST_BIND_HPP 1
#define HAVE_BOOST_RANDOM_HPP 1
#define HAVE_BOOST_MATH_DISTRIBUTIONS_CHI_SQUARED_HPP 1
#define HAVE_BOOST_MATH_SPECIAL_FUNCTIONS_ERF_HPP 1

configure: exit 0
