#
#                              ======================
#                              | THE SUSYHIT OUTPUT |
#                              ======================
#
#
#              ------------------------------------------------------
#              |     This is the output of the SUSY-HIT package     |
#              |  created by A.Djouadi, M.Muehlleitner and M.Spira. |
#              |  In case of problems with SUSY-HIT email to        |
#              |           margarete.muehlleitner@cern.ch           |
#              |           michael.spira@psi.ch                     |
#              |           abdelhak.djouadi@cern.ch                 |
#              ------------------------------------------------------
#
#              ------------------------------------------------------
#              |  SUSY Les Houches Accord - MSSM Spectrum + Decays  |
#              |              based on the decay programs           |
#              |                                                    |
#              |                     SDECAY 1.3b                    |
#              |                                                    |
#              |  Authors: M.Muhlleitner, A.Djouadi and Y.Mambrini  |
#              |  Ref.:    Comput.Phys.Commun.168(2005)46           |
#              |           [hep-ph/0311167]                         |
#              |                                                    |
#              |                     HDECAY 3.4                     |
#              |                                                    |
#              |  By: A.Djouadi,J.Kalinowski,M.Muhlleitner,M.Spira  |
#              |  Ref.:    Comput.Phys.Commun.108(1998)56           |
#              |           [hep-ph/9704448]                         |
#              |                                                    |
#              |                                                    |
#              |  If not stated otherwise all DRbar couplings and   |
#              |  soft SUSY breaking masses are given at the scale  |
#              |  Q=  0.22161260E+04
#              |                                                    |
#              ------------------------------------------------------
#
#
BLOCK DCINFO  # Decay Program information
     1   SDECAY/HDECAY # decay calculator
     2   1.3b  /3.4    # version number
#
BLOCK SPINFO  # Spectrum calculator information
     1     SOFTSUSY    # spectrum calculator
     2     3.4.0       # version number
#
BLOCK MODSEL  # Model selection
     1     0   #  nonUniversal
#
BLOCK SMINPUTS  # Standard Model inputs
         1     1.27908970E+02   # alpha_em^-1(M_Z)^MSbar
         2     1.16637870E-05   # G_F [GeV^-2]
         3     1.18400000E-01   # alpha_S(M_Z)^MSbar
         4     9.11876000E+01   # M_Z pole mass
         5     4.18000000E+00   # mb(mb)^MSbar
         6     1.73200000E+02   # mt pole mass
         7     1.77700000E+00   # mtau pole mass
#
BLOCK MINPAR  # Input parameters - minimal models
         3     2.18700000E+01   # tanb
#
BLOCK EXTPAR  # Input parameters - non-minimal models
         0    -1.00000000E+00   # Set
         1     1.06489000E+03   # M_1(MX)
         2     2.11141000E+03   # M_2(MX)
         3     3.64713000E+03   # M_3(MX)
        11    -3.43184000E+03   # At(MX)
        12    -1.67758000E+03   # Ab(MX)
        13    -3.05228000E+03   # Atau(MX)
        23     2.32171000E+03   # mu(MX)
        26     3.56778000E+03   # mA(pole)
        31     3.67060000E+03   # meL(MX)
        32     3.67060000E+03   # mmuL(MX)
        33     3.89115000E+03   # mtauL(MX)
        34     1.86406000E+03   # meR(MX)
        35     1.86406000E+03   # mmuR(MX)
        36     2.27773000E+03   # mtauR(MX)
        41     1.53375000E+03   # mqL1(MX)
        42     1.53375000E+03   # mqL2(MX)
        43     1.81219000E+03   # mqL3(MX)
        44     2.37283000E+03   # muR(MX)
        45     2.37283000E+03   # mcR(MX)
        46     2.71354000E+03   # mtR(MX)
        47     1.02785000E+03   # mdR(MX)
        48     1.02785000E+03   # msR(MX)
        49     2.25439000E+03   # mbR(MX)
#
BLOCK MASS  # Mass Spectrum
# PDG code           mass       particle
        24     8.03872350E+01   # W+
        25     1.25936065E+02   # h
        35     3.56757220E+03   # H
        36     3.56777996E+03   # A
        37     3.56885357E+03   # H+
         5     4.81876030E+00   # b-quark pole mass calculated from mb(mb)_Msbar
   1000001     1.60882942E+03   # ~d_L
   2000001     1.07212459E+03   # ~d_R
   1000002     1.60696913E+03   # ~u_L
   2000002     2.44064317E+03   # ~u_R
   1000003     1.60882942E+03   # ~s_L
   2000003     1.07212459E+03   # ~s_R
   1000004     1.60696913E+03   # ~c_L
   2000004     2.44064317E+03   # ~c_R
   1000005     1.88296987E+03   # ~b_1
   2000005     2.31772230E+03   # ~b_2
   1000006     1.87132315E+03   # ~t_1
   2000006     2.75072204E+03   # ~t_2
   1000011     3.68044319E+03   # ~e_L
   2000011     1.86538155E+03   # ~e_R
   1000012     3.67926908E+03   # ~nu_eL
   1000013     3.68044319E+03   # ~mu_L
   2000013     1.86538155E+03   # ~mu_R
   1000014     3.67926908E+03   # ~nu_muL
   1000015     2.28083391E+03   # ~tau_1
   2000015     3.89987343E+03   # ~tau_2
   1000016     3.89862695E+03   # ~nu_tauL
   1000021     3.58792706E+03   # ~g
   1000022     1.05869755E+03   # ~chi_10
   1000023     2.10091120E+03   # ~chi_20
   1000025    -2.34722050E+03   # ~chi_30
   1000035     2.36059005E+03   # ~chi_40
   1000024     2.10107844E+03   # ~chi_1+
   1000037     2.36094040E+03   # ~chi_2+
#
BLOCK NMIX  # Neutralino Mixing Matrix
  1  1     9.99635155E-01   # N_11
  1  2    -9.80573612E-04   # N_12
  1  3     2.42088223E-02   # N_13
  1  4    -1.19385010E-02   # N_14
  2  1     6.83320794E-03   # N_21
  2  2     9.74041109E-01   # N_22
  2  3    -1.67909378E-01   # N_23
  2  4     1.51669592E-01   # N_24
  3  1    -8.66094618E-03   # N_31
  3  2     1.17929917E-02   # N_32
  3  3     7.06860979E-01   # N_33
  3  4     7.07201152E-01   # N_34
  4  1    -2.46546484E-02   # N_41
  4  2     2.26061675E-01   # N_42
  4  3     6.86708039E-01   # N_43
  4  4    -6.90449373E-01   # N_44
#
BLOCK UMIX  # Chargino Mixing Matrix U
  1  1     9.70907278E-01   # U_11
  1  2    -2.39455751E-01   # U_12
  2  1     2.39455751E-01   # U_21
  2  2     9.70907278E-01   # U_22
#
BLOCK VMIX  # Chargino Mixing Matrix V
  1  1     9.76336772E-01   # V_11
  1  2    -2.16255652E-01   # V_12
  2  1     2.16255652E-01   # V_21
  2  2     9.76336772E-01   # V_22
#
BLOCK STOPMIX  # Stop Mixing Matrix
  1  1     9.92142016E-01   # cos(theta_t)
  1  2     1.25116826E-01   # sin(theta_t)
  2  1    -1.25116826E-01   # -sin(theta_t)
  2  2     9.92142016E-01   # cos(theta_t)
#
BLOCK SBOTMIX  # Sbottom Mixing Matrix
  1  1     9.98164560E-01   # cos(theta_b)
  1  2     6.05599799E-02   # sin(theta_b)
  2  1    -6.05599799E-02   # -sin(theta_b)
  2  2     9.98164560E-01   # cos(theta_b)
#
BLOCK STAUMIX  # Stau Mixing Matrix
  1  1     9.58424064E-03   # cos(theta_tau)
  1  2     9.99954070E-01   # sin(theta_tau)
  2  1    -9.99954070E-01   # -sin(theta_tau)
  2  2     9.58424064E-03   # cos(theta_tau)
#
BLOCK ALPHA  # Higgs mixing
          -4.75388196E-02   # Mixing angle in the neutral Higgs boson sector
#
BLOCK HMIX Q=  2.21612600E+03  # DRbar Higgs Parameters
         1     2.35140499E+03   # mu(Q)MSSM
         2     2.10451256E+01   # tan
         3     2.43493470E+02   # higgs
         4     1.28294398E+07   # mA^2(Q)MSSM
#
BLOCK GAUGE Q=  2.21612600E+03  # The gauge couplings
     1     3.63702759E-01   # gprime(Q) DRbar
     2     6.35135427E-01   # g(Q) DRbar
     3     1.01598506E+00   # g3(Q) DRbar
#
BLOCK AU Q=  2.21612600E+03  # The trilinear couplings
  1  1     0.00000000E+00   # A_u(Q) DRbar
  2  2     0.00000000E+00   # A_c(Q) DRbar
  3  3    -3.43183999E+03   # A_t(Q) DRbar
#
BLOCK AD Q=  2.21612600E+03  # The trilinear couplings
  1  1     0.00000000E+00   # A_d(Q) DRbar
  2  2     0.00000000E+00   # A_s(Q) DRbar
  3  3    -1.67758000E+03   # A_b(Q) DRbar
#
BLOCK AE Q=  2.21612600E+03  # The trilinear couplings
  1  1     0.00000000E+00   # A_e(Q) DRbar
  2  2     0.00000000E+00   # A_mu(Q) DRbar
  3  3    -3.05228000E+03   # A_tau(Q) DRbar
#
BLOCK Yu Q=  2.21612600E+03  # The Yukawa couplings
  1  1     0.00000000E+00   # y_u(Q) DRbar
  2  2     0.00000000E+00   # y_c(Q) DRbar
  3  3     8.18145568E-01   # y_t(Q) DRbar
#
BLOCK Yd Q=  2.21612600E+03  # The Yukawa couplings
  1  1     0.00000000E+00   # y_d(Q) DRbar
  2  2     0.00000000E+00   # y_s(Q) DRbar
  3  3     2.58438733E-01   # y_b(Q) DRbar
#
BLOCK Ye Q=  2.21612600E+03  # The Yukawa couplings
  1  1     0.00000000E+00   # y_e(Q) DRbar
  2  2     0.00000000E+00   # y_mu(Q) DRbar
  3  3     2.21033275E-01   # y_tau(Q) DRbar
#
BLOCK MSOFT Q=  2.21612600E+03  # The soft SUSY breaking masses at the scale Q
         1     1.06489000E+03   # M_1(Q)
         2     2.11141000E+03   # M_2(Q)
         3     3.64713000E+03   # M_3(Q)
        21     7.11665456E+06   # mH1^2(Q)
        22    -5.44552917E+06   # mH2^2(Q)
        31     3.67060000E+03   # meL(Q)
        32     3.67060000E+03   # mmuL(Q)
        33     3.89115000E+03   # mtauL(Q)
        34     1.86406000E+03   # meR(Q)
        35     1.86406000E+03   # mmuR(Q)
        36     2.27773000E+03   # mtauR(Q)
        41     1.53374998E+03   # mqL1(Q)
        42     1.53374998E+03   # mqL2(Q)
        43     1.81218997E+03   # mqL3(Q)
        44     2.37282999E+03   # muR(Q)
        45     2.37282999E+03   # mcR(Q)
        46     2.71353997E+03   # mtR(Q)
        47     1.02784998E+03   # mdR(Q)
        48     1.02784998E+03   # msR(Q)
        49     2.25438999E+03   # mbR(Q)
#
Block HiggsBoundsInputHiggsCouplingsFermions
# ScalarNormEffCoupSq PseudoSNormEffCoupSq NP   IP1 IP2 IP2
    1.00242553E+00    0.00000000E+00        3  25   5   5  # h0-b-b eff. coupling^2, normalised to SM
    4.42894886E+02    0.00000000E+00        3  35   5   5  # H0-b-b eff. coupling^2, normalised to SM
    0.00000000E+00    4.42897312E+02        3  36   5   5  # A0-b-b eff. coupling^2, normalised to SM
#
    9.99994523E-01    0.00000000E+00        3  25   6   6  # h0-t-t eff. coupling^2, normalised to SM
    2.26333622E-03    0.00000000E+00        3  35   6   6  # H0-t-t eff. coupling^2, normalised to SM
    0.00000000E+00    2.25785972E-03        3  36   6   6  # A0-t-t eff. coupling^2, normalised to SM
#
    1.00242553E+00    0.00000000E+00        3  25  15  15  # h0-tau-tau eff. coupling^2, normalised to SM
    4.42894886E+02    0.00000000E+00        3  35  15  15  # H0-tau-tau eff. coupling^2, normalised to SM
    0.00000000E+00    4.42897312E+02        3  36  15  15  # A0-tau-tau eff. coupling^2, normalised to SM
#
Block HiggsBoundsInputHiggsCouplingsBosons
    9.99999997E-01        3  25  24  24  # h0-W-W eff. coupling^2, normalised to SM
    3.31684090E-09        3  35  24  24  # H0-W-W eff. coupling^2, normalised to SM
    0.00000000E+00        3  36  24  24  # A0-W-W eff. coupling^2, normalised to SM
#
    9.99999997E-01        3  25  23  23  # h0-Z-Z eff. coupling^2, normalised to SM
    3.31684090E-09        3  35  23  23  # H0-Z-Z eff. coupling^2, normalised to SM
    0.00000000E+00        3  36  23  23  # A0-Z-Z eff. coupling^2, normalised to SM
#
    8.87512586E-01        3  25  21  21  # h0-g-g eff. coupling^2, normalised to SM
    7.19380676E-14        3  35  21  21  # H0-g-g eff. coupling^2, normalised to SM
    2.74188350E-13        3  36  21  21  # A0-g-g eff. coupling^2, normalised to SM
#
    0.00000000E+00        3  25  25  23  # h0-h0-Z eff. coupling^2, normalised to SM
    0.00000000E+00        3  35  25  23  # H0-h0-Z eff. coupling^2, normalised to SM
    3.31684090E-09        3  36  25  23  # A0-h0-Z eff. coupling^2, normalised to SM
    0.00000000E+00        3  35  35  23  # H0-H0-Z eff. coupling^2, normalised to SM
    9.99999997E-01        3  36  35  23  # A0-H0-Z eff. coupling^2, normalised to SM
    0.00000000E+00        3  36  36  23  # A0-A0-Z eff. coupling^2, normalised to SM
#
    0.00000000E+00        4  25  21  21  23  # h0-g-g-Z eff. coupling^2, normalised to SM
    0.00000000E+00        4  35  21  21  23  # H0-g-g-Z eff. coupling^2, normalised to SM
    0.00000000E+00        4  36  21  21  23  # A0-g-g-Z eff. coupling^2, normalised to SM
#
#
#
#                             =================
#                             |The decay table|
#                             =================
#
# - The QCD corrections to the decays gluino -> squark  + quark
#                                     squark -> gaugino + quark_prime
#                                     squark -> squark_prime + Higgs
#                                     squark -> gluino  + quark
#   are included.
#
# - The multi-body decays for the inos, stops and sbottoms are included.
#
# - The loop induced decays for the gluino, neutralinos and stops
#   are included.
#
# - The SUSY decays of the top quark are included.
#
#
#         PDG            Width
DECAY         6     1.42082221E+00   # top decays
#          BR         NDA      ID1       ID2
     1.00000000E+00    2           5        24   # BR(t ->  b    W+)
#
#         PDG            Width
DECAY   1000021     4.55252342E+02   # gluino decays
#          BR         NDA      ID1       ID2
     5.02746440E-02    2     1000001        -1   # BR(~g -> ~d_L  db)
     5.02746440E-02    2    -1000001         1   # BR(~g -> ~d_L* d )
     6.53257446E-02    2     2000001        -1   # BR(~g -> ~d_R  db)
     6.53257446E-02    2    -2000001         1   # BR(~g -> ~d_R* d )
     5.03331466E-02    2     1000002        -2   # BR(~g -> ~u_L  ub)
     5.03331466E-02    2    -1000002         2   # BR(~g -> ~u_L* u )
     2.27363251E-02    2     2000002        -2   # BR(~g -> ~u_R  ub)
     2.27363251E-02    2    -2000002         2   # BR(~g -> ~u_R* u )
     5.02746440E-02    2     1000003        -3   # BR(~g -> ~s_L  sb)
     5.02746440E-02    2    -1000003         3   # BR(~g -> ~s_L* s )
     6.53257446E-02    2     2000003        -3   # BR(~g -> ~s_R  sb)
     6.53257446E-02    2    -2000003         3   # BR(~g -> ~s_R* s )
     5.03331402E-02    2     1000004        -4   # BR(~g -> ~c_L  cb)
     5.03331402E-02    2    -1000004         4   # BR(~g -> ~c_L* c )
     2.27363102E-02    2     2000004        -4   # BR(~g -> ~c_R  cb)
     2.27363102E-02    2    -2000004         4   # BR(~g -> ~c_R* c )
     4.13700856E-02    2     1000005        -5   # BR(~g -> ~b_1  bb)
     4.13700856E-02    2    -1000005         5   # BR(~g -> ~b_1* b )
     2.68325283E-02    2     2000005        -5   # BR(~g -> ~b_2  bb)
     2.68325283E-02    2    -2000005         5   # BR(~g -> ~b_2* b )
     4.04446087E-02    2     1000006        -6   # BR(~g -> ~t_1  tb)
     4.04446087E-02    2    -1000006         6   # BR(~g -> ~t_1* t )
     1.40130781E-02    2     2000006        -6   # BR(~g -> ~t_2  tb)
     1.40130781E-02    2    -2000006         6   # BR(~g -> ~t_2* t )
#
#         PDG            Width
DECAY   1000006     1.83664286E-01   # stop1 decays
#          BR         NDA      ID1       ID2
     1.00000000E+00    2     1000022         6   # BR(~t_1 -> ~chi_10 t )
#
#         PDG            Width
DECAY   2000006     7.00970956E+01   # stop2 decays
#          BR         NDA      ID1       ID2
     6.41335349E-02    2     1000022         6   # BR(~t_2 -> ~chi_10 t )
     7.17995185E-04    2     1000023         6   # BR(~t_2 -> ~chi_20 t )
     1.54869058E-02    2     1000025         6   # BR(~t_2 -> ~chi_30 t )
     1.77998106E-02    2     1000035         6   # BR(~t_2 -> ~chi_40 t )
     1.30920020E-03    2     1000024         5   # BR(~t_2 -> ~chi_1+ b )
     3.55710343E-02    2     1000037         5   # BR(~t_2 -> ~chi_2+ b )
     2.15467866E-01    2     1000006        25   # BR(~t_2 -> ~t_1    h )
     2.23462479E-01    2     1000006        23   # BR(~t_2 -> ~t_1    Z )
     4.25806214E-01    2     1000005        24   # BR(~t_2 -> ~b_1    W+)
     2.44960108E-04    2     2000005        24   # BR(~t_2 -> ~b_2    W+)
#
#         PDG            Width
DECAY   1000005     1.35276095E-01   # sbottom1 decays
#          BR         NDA      ID1       ID2
     1.00000000E+00    2     1000022         5   # BR(~b_1 -> ~chi_10 b )
#
#         PDG            Width
DECAY   2000005     3.04272074E+00   # sbottom2 decays
#          BR         NDA      ID1       ID2
     2.76506041E-01    2     1000022         5   # BR(~b_2 -> ~chi_10 b )
     1.45190060E-04    2     1000023         5   # BR(~b_2 -> ~chi_20 b )
     3.14044392E-04    2    -1000024         6   # BR(~b_2 -> ~chi_1- t )
     1.79129549E-01    2     1000005        25   # BR(~b_2 -> ~b_1    h )
     1.75834342E-01    2     1000005        23   # BR(~b_2 -> ~b_1    Z )
     3.68070833E-01    2     1000006       -24   # BR(~b_2 -> ~t_1    W-)
#
#         PDG            Width
DECAY   1000002     7.65041969E-02   # sup_L decays
#          BR         NDA      ID1       ID2
     1.00000000E+00    2     1000022         2   # BR(~u_L -> ~chi_10 u)
#
#         PDG            Width
DECAY   2000002     3.76259837E+00   # sup_R decays
#          BR         NDA      ID1       ID2
     9.99990239E-01    2     1000022         2   # BR(~u_R -> ~chi_10 u)
     4.89456852E-06    2     1000023         2   # BR(~u_R -> ~chi_20 u)
     6.93075394E-07    2     1000025         2   # BR(~u_R -> ~chi_30 u)
     4.17330041E-06    2     1000035         2   # BR(~u_R -> ~chi_40 u)
#
#         PDG            Width
DECAY   1000001     7.84540738E-02   # sdown_L decays
#          BR         NDA      ID1       ID2
     1.00000000E+00    2     1000022         1   # BR(~d_L -> ~chi_10 d)
#
#         PDG            Width
DECAY   2000001     4.53289617E-04   # sdown_R decays
#          BR         NDA      ID1       ID2
     1.00000000E+00    2     1000022         1   # BR(~d_R -> ~chi_10 d)
#
#         PDG            Width
DECAY   1000004     7.44280327E-02   # scharm_L decays
#          BR         NDA      ID1       ID2
     1.00000000E+00    2     1000022         4   # BR(~c_L -> ~chi_10 c)
#
#         PDG            Width
DECAY   2000004     3.76009687E+00   # scharm_R decays
#          BR         NDA      ID1       ID2
     9.99990760E-01    2     1000022         4   # BR(~c_R -> ~chi_10 c)
     4.75647495E-06    2     1000023         4   # BR(~c_R -> ~chi_20 c)
     6.42116705E-07    2     1000025         4   # BR(~c_R -> ~chi_30 c)
     3.84177464E-06    2     1000035         4   # BR(~c_R -> ~chi_40 c)
#
#         PDG            Width
DECAY   1000003     7.63321301E-02   # sstrange_L decays
#          BR         NDA      ID1       ID2
     1.00000000E+00    2     1000022         3   # BR(~s_L -> ~chi_10 s)
#
#         PDG            Width
DECAY   2000003     3.88162038E-04   # sstrange_R decays
#          BR         NDA      ID1       ID2
     1.00000000E+00    2     1000022         3   # BR(~s_R -> ~chi_10 s)
#
#         PDG            Width
DECAY   1000011     2.39457257E+01   # selectron_L decays
#          BR         NDA      ID1       ID2
     1.69449063E-01    2     1000022        11   # BR(~e_L -> ~chi_10 e-)
     2.68075679E-01    2     1000023        11   # BR(~e_L -> ~chi_20 e-)
     1.01363605E-05    2     1000025        11   # BR(~e_L -> ~chi_30 e-)
     9.59882940E-03    2     1000035        11   # BR(~e_L -> ~chi_40 e-)
     5.28371235E-01    2    -1000024        12   # BR(~e_L -> ~chi_1- nu_e)
     2.44950570E-02    2    -1000037        12   # BR(~e_L -> ~chi_2- nu_e)
#
#         PDG            Width
DECAY   2000011     4.50835869E+00   # selectron_R decays
#          BR         NDA      ID1       ID2
     1.00000000E+00    2     1000022        11   # BR(~e_R -> ~chi_10 e-)
#
#         PDG            Width
DECAY   1000013     2.39457256E+01   # smuon_L decays
#          BR         NDA      ID1       ID2
     1.69449063E-01    2     1000022        13   # BR(~mu_L -> ~chi_10 mu-)
     2.68075678E-01    2     1000023        13   # BR(~mu_L -> ~chi_20 mu-)
     1.01363604E-05    2     1000025        13   # BR(~mu_L -> ~chi_30 mu-)
     9.59882937E-03    2     1000035        13   # BR(~mu_L -> ~chi_40 mu-)
     5.28371236E-01    2    -1000024        14   # BR(~mu_L -> ~chi_1- nu_mu)
     2.44950571E-02    2    -1000037        14   # BR(~mu_L -> ~chi_2- nu_mu)
#
#         PDG            Width
DECAY   2000013     4.50835863E+00   # smuon_R decays
#          BR         NDA      ID1       ID2
     1.00000000E+00    2     1000022        13   # BR(~mu_R -> ~chi_10 mu-)
#
#         PDG            Width
DECAY   1000015     7.38989004E+00   # stau_1 decays
#          BR         NDA      ID1       ID2
     9.99270191E-01    2     1000022        15   # BR(~tau_1 -> ~chi_10  tau-)
     2.42525970E-04    2     1000023        15   # BR(~tau_1 -> ~chi_20  tau-)
     4.87282694E-04    2    -1000024        16   # BR(~tau_1 -> ~chi_1-  nu_tau)
#
#         PDG            Width
DECAY   2000015     3.03264499E+01   # stau_2 decays
#          BR         NDA      ID1       ID2
     1.44630012E-01    2     1000022        15   # BR(~tau_2 -> ~chi_10  tau-)
     2.49955624E-01    2     1000023        15   # BR(~tau_2 -> ~chi_20  tau-)
     2.54326158E-02    2     1000025        15   # BR(~tau_2 -> ~chi_30  tau-)
     3.33162545E-02    2     1000035        15   # BR(~tau_2 -> ~chi_40  tau-)
     4.89208633E-01    2    -1000024        16   # BR(~tau_2 -> ~chi_1-  nu_tau)
     2.43932625E-02    2    -1000037        16   # BR(~tau_2 -> ~chi_2-  nu_tau)
     1.67526544E-02    2     1000015        25   # BR(~tau_2 -> ~tau_1   h)
     1.63109428E-02    2     1000015        23   # BR(~tau_2 -> ~tau_1   Z)
#
#         PDG            Width
DECAY   1000012     2.39509893E+01   # snu_eL decays
#          BR         NDA      ID1       ID2
     1.70502570E-01    2     1000022        12   # BR(~nu_eL -> ~chi_10 nu_e)
     2.63497602E-01    2     1000023        12   # BR(~nu_eL -> ~chi_20 nu_e)
     6.08354953E-05    2     1000025        12   # BR(~nu_eL -> ~chi_30 nu_e)
     1.23091973E-02    2     1000035        12   # BR(~nu_eL -> ~chi_40 nu_e)
     5.33679881E-01    2     1000024        11   # BR(~nu_eL -> ~chi_1+ e-)
     1.99499149E-02    2     1000037        11   # BR(~nu_eL -> ~chi_2+ e-)
#
#         PDG            Width
DECAY   1000014     2.39509892E+01   # snu_muL decays
#          BR         NDA      ID1       ID2
     1.70502570E-01    2     1000022        14   # BR(~nu_muL -> ~chi_10 nu_mu)
     2.63497602E-01    2     1000023        14   # BR(~nu_muL -> ~chi_20 nu_mu)
     6.08354954E-05    2     1000025        14   # BR(~nu_muL -> ~chi_30 nu_mu)
     1.23091974E-02    2     1000035        14   # BR(~nu_muL -> ~chi_40 nu_mu)
     5.33679880E-01    2     1000024        13   # BR(~nu_muL -> ~chi_1+ mu-)
     1.99499148E-02    2     1000037        13   # BR(~nu_muL -> ~chi_2+ mu-)
#
#         PDG            Width
DECAY   1000016     3.02927426E+01   # snu_tauL decays
#          BR         NDA      ID1       ID2
     1.45679738E-01    2     1000022        16   # BR(~nu_tauL -> ~chi_10 nu_tau)
     2.44734440E-01    2     1000023        16   # BR(~nu_tauL -> ~chi_20 nu_tau)
     5.89055889E-05    2     1000025        16   # BR(~nu_tauL -> ~chi_30 nu_tau)
     1.19510459E-02    2     1000035        16   # BR(~nu_tauL -> ~chi_40 nu_tau)
     4.99241458E-01    2     1000024        15   # BR(~nu_tauL -> ~chi_1+ tau-)
     6.67116071E-02    2     1000037        15   # BR(~nu_tauL -> ~chi_2+ tau-)
     3.16228052E-02    2    -1000015       -24   # BR(~nu_tauL -> ~tau_1+ W-)
#
#         PDG            Width
DECAY   1000024     1.89230343E+01   # chargino1+ decays
#          BR         NDA      ID1       ID2
     2.24407839E-01    2     1000002        -1   # BR(~chi_1+ -> ~u_L     db)
     2.20491288E-01    2    -1000001         2   # BR(~chi_1+ -> ~d_L*    u )
     2.24407785E-01    2     1000004        -3   # BR(~chi_1+ -> ~c_L     sb)
     2.20490431E-01    2    -1000003         4   # BR(~chi_1+ -> ~s_L*     c )
     5.83024123E-02    2     1000006        -5   # BR(~chi_1+ -> ~t_1     bb)
     4.77242185E-02    2    -1000005         6   # BR(~chi_1+ -> ~b_1*    t )
     4.17602693E-03    2     1000022        24   # BR(~chi_1+ -> ~chi_10  W+)
#
#         PDG            Width
DECAY   1000037     1.32166211E+01   # chargino2+ decays
#          BR         NDA      ID1       ID2
     2.92630563E-02    2     1000002        -1   # BR(~chi_2+ -> ~u_L     db)
     3.57368543E-02    2    -1000001         2   # BR(~chi_2+ -> ~d_L*    u )
     2.92630536E-02    2     1000004        -3   # BR(~chi_2+ -> ~c_L     sb)
     3.57368018E-02    2    -1000003         4   # BR(~chi_2+ -> ~s_L*     c )
     4.64829865E-02    2     1000006        -5   # BR(~chi_2+ -> ~t_1     bb)
     3.78830989E-01    2    -1000005         6   # BR(~chi_2+ -> ~b_1*    t )
     3.59202162E-04    2    -1000015        16   # BR(~chi_2+ -> ~tau_1+  nu_tau)
     1.16471882E-01    2     1000024        23   # BR(~chi_2+ -> ~chi_1+  Z )
     1.04571348E-01    2     1000022        24   # BR(~chi_2+ -> ~chi_10  W+)
     1.20720564E-01    2     1000023        24   # BR(~chi_2+ -> ~chi_20  W+)
     1.02563262E-01    2     1000024        25   # BR(~chi_2+ -> ~chi_1+  h )
#
#         PDG            Width
DECAY   1000022     0.00000000E+00   # neutralino1 decays
#
#         PDG            Width
DECAY   1000023     1.89720938E+01   # neutralino2 decays
#          BR         NDA      ID1       ID2
     3.33808947E-04    2     1000022        23   # BR(~chi_20 -> ~chi_10   Z )
     4.02577664E-03    2     1000022        25   # BR(~chi_20 -> ~chi_10   h )
     1.11628709E-01    2     1000002        -2   # BR(~chi_20 -> ~u_L      ub)
     1.11628709E-01    2    -1000002         2   # BR(~chi_20 -> ~u_L*     u )
     1.10317852E-01    2     1000001        -1   # BR(~chi_20 -> ~d_L      db)
     1.10317852E-01    2    -1000001         1   # BR(~chi_20 -> ~d_L*     d )
     2.50601599E-06    2     2000001        -1   # BR(~chi_20 -> ~d_R      db)
     2.50601599E-06    2    -2000001         1   # BR(~chi_20 -> ~d_R*     d )
     1.11628279E-01    2     1000004        -4   # BR(~chi_20 -> ~c_L      cb)
     1.11628279E-01    2    -1000004         4   # BR(~chi_20 -> ~c_L*     c )
     1.10317852E-01    2     1000003        -3   # BR(~chi_20 -> ~s _L      sb)
     1.10317852E-01    2    -1000003         3   # BR(~chi_20 -> ~s _L*     s )
     2.50601599E-06    2     2000003        -3   # BR(~chi_20 -> ~s _R      sb)
     2.50601599E-06    2    -2000003         3   # BR(~chi_20 -> ~s _R*     s )
     2.89656159E-02    2     1000006        -6   # BR(~chi_20 -> ~t_1      tb)
     2.89656159E-02    2    -1000006         6   # BR(~chi_20 -> ~t_1*     t )
     2.49556674E-02    2     1000005        -5   # BR(~chi_20 -> ~b_1      bb)
     2.49556674E-02    2    -1000005         5   # BR(~chi_20 -> ~b_1*     b )
     6.09529829E-07    2     2000011       -11   # BR(~chi_20 -> ~e_R-     e+)
     6.09529829E-07    2    -2000011        11   # BR(~chi_20 -> ~e_R+     e-)
     6.09529829E-07    2     2000013       -13   # BR(~chi_20 -> ~mu_R-    mu+)
     6.09529829E-07    2    -2000013        13   # BR(~chi_20 -> ~mu_R+    mu-)
#
#         PDG            Width
DECAY   1000025     1.15213295E+01   # neutralino3 decays
#          BR         NDA      ID1       ID2
     1.17942452E-01    2     1000022        23   # BR(~chi_30 -> ~chi_10   Z )
     1.15819015E-01    2     1000023        23   # BR(~chi_30 -> ~chi_20   Z )
     1.20414515E-01    2     1000024       -24   # BR(~chi_30 -> ~chi_1+   W-)
     1.20414515E-01    2    -1000024        24   # BR(~chi_30 -> ~chi_1-   W+)
     1.44015547E-02    2     1000022        25   # BR(~chi_30 -> ~chi_10   h )
     2.43934916E-04    2     1000023        25   # BR(~chi_30 -> ~chi_20   h )
     3.59664555E-05    2     1000002        -2   # BR(~chi_30 -> ~u_L      ub)
     3.59664555E-05    2    -1000002         2   # BR(~chi_30 -> ~u_L*     u )
     6.29913294E-05    2     1000001        -1   # BR(~chi_30 -> ~d_L      db)
     6.29913294E-05    2    -1000001         1   # BR(~chi_30 -> ~d_L*     d )
     8.42239290E-06    2     2000001        -1   # BR(~chi_30 -> ~d_R      db)
     8.42239290E-06    2    -2000001         1   # BR(~chi_30 -> ~d_R*     d )
     3.59664005E-05    2     1000004        -4   # BR(~chi_30 -> ~c_L      cb)
     3.59664005E-05    2    -1000004         4   # BR(~chi_30 -> ~c_L*     c )
     6.29913294E-05    2     1000003        -3   # BR(~chi_30 -> ~s _L      sb)
     6.29913294E-05    2    -1000003         3   # BR(~chi_30 -> ~s _L*     s )
     8.42239290E-06    2     2000003        -3   # BR(~chi_30 -> ~s _R      sb)
     8.42239290E-06    2    -2000003         3   # BR(~chi_30 -> ~s _R*     s )
     2.29212824E-01    2     1000006        -6   # BR(~chi_30 -> ~t_1      tb)
     2.29212824E-01    2    -1000006         6   # BR(~chi_30 -> ~t_1*     t )
     2.56612349E-02    2     1000005        -5   # BR(~chi_30 -> ~b_1      bb)
     2.56612349E-02    2    -1000005         5   # BR(~chi_30 -> ~b_1*     b )
     1.28339217E-04    2     2000005        -5   # BR(~chi_30 -> ~b_2      bb)
     1.28339217E-04    2    -2000005         5   # BR(~chi_30 -> ~b_2*     b )
     5.45876537E-06    2     2000011       -11   # BR(~chi_30 -> ~e_R-     e+)
     5.45876537E-06    2    -2000011        11   # BR(~chi_30 -> ~e_R+     e-)
     5.45876537E-06    2     2000013       -13   # BR(~chi_30 -> ~mu_R-    mu+)
     5.45876537E-06    2    -2000013        13   # BR(~chi_30 -> ~mu_R+    mu-)
     1.53930224E-04    2     1000015       -15   # BR(~chi_30 -> ~tau_1-   tau+)
     1.53930224E-04    2    -1000015        15   # BR(~chi_30 -> ~tau_1+   tau-)
#
#         PDG            Width
DECAY   1000035     1.38525916E+01   # neutralino4 decays
#          BR         NDA      ID1       ID2
     1.09645174E-02    2     1000022        23   # BR(~chi_40 -> ~chi_10   Z )
     3.57347474E-04    2     1000023        23   # BR(~chi_40 -> ~chi_20   Z )
     1.08861585E-01    2     1000024       -24   # BR(~chi_40 -> ~chi_1+   W-)
     1.08861585E-01    2    -1000024        24   # BR(~chi_40 -> ~chi_1-   W+)
     9.61664133E-02    2     1000022        25   # BR(~chi_40 -> ~chi_10   h )
     9.73231565E-02    2     1000023        25   # BR(~chi_40 -> ~chi_20   h )
     1.46165236E-02    2     1000002        -2   # BR(~chi_40 -> ~u_L      ub)
     1.46165236E-02    2    -1000002         2   # BR(~chi_40 -> ~u_L*     u )
     1.58231626E-02    2     1000001        -1   # BR(~chi_40 -> ~d_L      db)
     1.58231626E-02    2    -1000001         1   # BR(~chi_40 -> ~d_L*     d )
     5.74075283E-05    2     2000001        -1   # BR(~chi_40 -> ~d_R      db)
     5.74075283E-05    2    -2000001         1   # BR(~chi_40 -> ~d_R*     d )
     1.46165022E-02    2     1000004        -4   # BR(~chi_40 -> ~c_L      cb)
     1.46165022E-02    2    -1000004         4   # BR(~chi_40 -> ~c_L*     c )
     1.58231626E-02    2     1000003        -3   # BR(~chi_40 -> ~s _L      sb)
     1.58231626E-02    2    -1000003         3   # BR(~chi_40 -> ~s _L*     s )
     5.74075283E-05    2     2000003        -3   # BR(~chi_40 -> ~s _R      sb)
     5.74075283E-05    2    -2000003         3   # BR(~chi_40 -> ~s _R*     s )
     2.00690279E-01    2     1000006        -6   # BR(~chi_40 -> ~t_1      tb)
     2.00690279E-01    2    -1000006         6   # BR(~chi_40 -> ~t_1*     t )
     2.65831559E-02    2     1000005        -5   # BR(~chi_40 -> ~b_1      bb)
     2.65831559E-02    2    -1000005         5   # BR(~chi_40 -> ~b_1*     b )
     2.17612966E-04    2     2000005        -5   # BR(~chi_40 -> ~b_2      bb)
     2.17612966E-04    2    -2000005         5   # BR(~chi_40 -> ~b_2*     b )
     3.84465650E-05    2     2000011       -11   # BR(~chi_40 -> ~e_R-     e+)
     3.84465650E-05    2    -2000011        11   # BR(~chi_40 -> ~e_R+     e-)
     3.84465650E-05    2     2000013       -13   # BR(~chi_40 -> ~mu_R-    mu+)
     3.84465650E-05    2    -2000013        13   # BR(~chi_40 -> ~mu_R+    mu-)
     1.70590951E-04    2     1000015       -15   # BR(~chi_40 -> ~tau_1-   tau+)
     1.70590951E-04    2    -1000015        15   # BR(~chi_40 -> ~tau_1+   tau-)
#
#         PDG            Width
DECAY        25     4.75567000E-03   # h decays
#          BR         NDA      ID1       ID2
     6.33866298E-01    2           5        -5   # BR(h -> b       bb     )
     5.49463371E-02    2         -15        15   # BR(h -> tau+    tau-   )
     1.94485547E-04    2         -13        13   # BR(h -> mu+     mu-    )
     2.11869876E-04    2           3        -3   # BR(h -> s       sb     )
     1.83465866E-02    2           4        -4   # BR(h -> c       cb     )
     6.85449590E-02    2          21        21   # BR(h -> g       g      )
     2.04494566E-03    2          22        22   # BR(h -> gam     gam    )
     1.42671011E-03    2          22        23   # BR(h -> Z       gam    )
     1.95646615E-01    2          24       -24   # BR(h -> W+      W-     )
     2.47711927E-02    2          23        23   # BR(h -> Z       Z      )
#
#         PDG            Width
DECAY        35     2.00895684E+01   # H decays
#          BR         NDA      ID1       ID2
     7.95700053E-01    2           5        -5   # BR(H -> b       bb     )
     1.56150296E-01    2         -15        15   # BR(H -> tau+    tau-   )
     5.50211778E-04    2         -13        13   # BR(H -> mu+     mu-    )
     1.93814321E-04    2           3        -3   # BR(H -> s       sb     )
     1.61222270E-07    2           4        -4   # BR(H -> c       cb     )
     1.58946684E-02    2           6        -6   # BR(H -> t       tb     )
     2.38574062E-05    2          21        21   # BR(H -> g       g      )
     8.58206082E-08    2          22        22   # BR(H -> gam     gam    )
     5.16420396E-09    2          23        22   # BR(H -> Z       gam    )
     2.41199972E-06    2          24       -24   # BR(H -> W+      W-     )
     1.20378640E-06    2          23        23   # BR(H -> Z       Z      )
     1.43944404E-05    2          25        25   # BR(H -> h       h      )
     1.25939274E-04    2     1000022   1000022   # BR(H -> ~chi_10 ~chi_10)
     8.56832955E-04    2     1000022   1000023   # BR(H -> ~chi_10 ~chi_20)
     2.85427277E-02    2     1000022   1000025   # BR(H -> ~chi_10 ~chi_30)
     1.93401542E-03    2     1000022   1000035   # BR(H -> ~chi_10 ~chi_40)
     1.83330821E-06    2     1000002  -1000002   # BR(H -> ~u_L    ~u_L*  )
     1.83330821E-06    2     1000004  -1000004   # BR(H -> ~c_L    ~c_L*  )
     2.67680762E-06    2     1000001  -1000001   # BR(H -> ~d_L    ~d_L*  )
     1.50818090E-07    2     2000001  -2000001   # BR(H -> ~d_R    ~d_R*  )
     2.67680762E-06    2     1000003  -1000003   # BR(H -> ~s_L    ~s_L*  )
     1.50818090E-07    2     2000003  -2000003   # BR(H -> ~s_R    ~s_R*  )
#
#         PDG            Width
DECAY        36     2.01009689E+01   # A decays
#          BR         NDA      ID1       ID2
     7.95344716E-01    2           5        -5   # BR(A -> b       bb     )
     1.56071850E-01    2         -15        15   # BR(A -> tau+    tau-   )
     5.49934826E-04    2         -13        13   # BR(A -> mu+     mu-    )
     1.93746300E-04    2           3        -3   # BR(A -> s       sb     )
     1.62241689E-07    2           4        -4   # BR(A -> c       cb     )
     1.59435329E-02    2           6        -6   # BR(A -> t       tb     )
     4.65611850E-05    2          21        21   # BR(A -> g       g      )
     2.09973936E-08    2          22        22   # BR(A -> gam     gam    )
     4.36743003E-08    2          23        22   # BR(A -> Z       gam    )
     2.44516198E-06    2          23        25   # BR(A -> Z       h      )
     2.13448205E-04    2     1000022   1000022   # BR(A -> ~chi_10 ~chi_10)
     4.24580232E-03    2     1000022   1000023   # BR(A -> ~chi_10 ~chi_20)
     2.40564637E-03    2     1000022   1000025   # BR(A -> ~chi_10 ~chi_30)
     2.49820900E-02    2     1000022   1000035   # BR(A -> ~chi_10 ~chi_40)
#
#         PDG            Width
DECAY        37     1.62236681E+01   # H+ decays
#          BR         NDA      ID1       ID2
     1.25411946E-03    2           4        -5   # BR(H+ -> c       bb     )
     1.93429712E-01    2         -15        16   # BR(H+ -> tau+    nu_tau )
     6.81569002E-04    2         -13        14   # BR(H+ -> mu+     nu_mu  )
     1.25411809E-05    2           2        -5   # BR(H+ -> u       bb     )
     1.20126874E-05    2           2        -3   # BR(H+ -> u       sb     )
     2.36638999E-04    2           4        -3   # BR(H+ -> c       sb     )
     7.64793129E-01    2           6        -5   # BR(H+ -> t       bb     )
     3.03360791E-06    2          24        25   # BR(H+ -> W+      h      )
     1.15686141E-13    2          24        36   # BR(H+ -> W+      A      )
     6.38127462E-03    2     1000024   1000022   # BR(H+ -> ~chi_1+ ~chi_10)
     3.31848958E-02    2     1000037   1000022   # BR(H+ -> ~chi_2+ ~chi_10)
     5.53682454E-06    2     1000002  -1000001   # BR(H+ -> ~u_L    ~d_L*  )
     5.53682454E-06    2     1000004  -1000003   # BR(H+ -> ~c_L    ~s_L*  )
#
Block SUSHI
	1	1			# model: 0 = SM, 1 = MSSM, 2 = 2HDM, 3 = NMSSM
	2	12			# 11 = h, 12 = H, 11 = A
	3	0			# collider: 0 = p-p, 1 = p-pbar
	4	8000			# center-of-mass energy in GeV
	5	2			# order ggh: -1 = off, 0 = LO, 1 = NLO, 2 = NNLO, 3 = N3LO, 12+13 = ~NNLO stop for h
	6	2			# order bbh: -1 = off, 0 = LO, 1 = NLO, 2 = NNLO
	7	1			# electroweak cont. for ggh:
#					  0 = no, 1 = light quarks at NLO, 2 = SM EW factor
	19	1			# 0 = silent mode of SusHi, 1 = normal output
	20	0			# ggh@nnlo subprocesses: 0=all, 10=ind. contributions
#
Block DISTRIB
	1	0			# distribution : 0 = sigma_total, 1 = dsigma/dpt,
#					  2 = dsigma/dy,   3 = d^2sigma/dy/dpt
#					  (values for pt and y: 22 and 32)
	2	0			# pt-cut: 0 = no, 1 = pt > ptmin, 2 = pt < ptmax,
#					  3 = ptmin < pt < ptmax
	21	30.0			# minimal pt-value ptmin in GeV
	22	100.0			# maximal pt-value ptmax in GeV
	3	0			# rapidity-cut: 0 = no, 1 = Abs[y] < ymax,
#					  2 = Abs[y] > ymin, 3 = ymin < Abs[y] < ymax
	31	0.50			# minimal rapidity ymin
	32	1.50			# maximal rapidity ymax
	4	0			# 0 = rapidity, 1 = pseudorapidity
#
Block SCALES
	1	1.0			# renormalization scale muR/mh
	2	1.0			# factorization scale muF/mh
	11	1.0			# renormalization scale muR/mh for bbh
	12	0.25			# factorization scale muF/mh for bbh
	3	0			# 1 = Use (muR,muF)/Sqrt(mh^2+pt^2) for dsigma/dpt and d^2sigma/dy/dpt
#
Block RENORMBOT # Renormalization of the bottom sector
	1	0			# m_b used for bottom Yukawa:  0 = OS, 1 = MSbar(m_b), 2 = MSbar(muR)
	2	1			# tan(beta)-res. of Y_b: 0 = no, 1 = naive, 2 = full (for OS only)
	3	1			# Delta_b: Take Delta_b from FeynHiggs: 0 = no, 1 = yes
#
Block RENORMSBOT # Renormalization of the sbottom sector
	1	2			# m_b:     0 = OS, 1 = DRbar, 2 = dep; recommended: 2
	2	0			# A_b:     0 = OS, 1 = DRbar, 2 = dep; recommended: 0
	3	0			# theta_b: 0 = OS, 1 = DRbar         ; recommended: 0
#
Block PDFSPEC
	1	MMHT2014lo68cl.LHgrid	# name of pdf (lo)
	2	MMHT2014nlo68cl.LHgrid	# name of pdf (nlo)
	3	MMHT2014nnlo68cl.LHgrid	# name of pdf (nnlo)
	4	MMHT2014nnlo68cl.LHgrid	# name of pdf (n3lo)
	10	0			# set number - if different for LO, NLO, NNLO, N3LO use entries 11, 12, 13
#
Block VEGAS
# parameters for NLO SusHi
	1	10000			# Number of points
	2	5			# Number of iterations
	3	10			# Output format of VEGAS integration
# parameters for ggh@nnlo:
	4	2000			# Number of points
	5	5			# Number of iterations
	14	5000			# Number of points in second run
	15	2			# Number of iterations in second run
	6	0			# Output format of VEGAS integration
# parameters for bbh@nnlo:
	7	2000			# Number of points
	8	5			# Number of iterations
	17	5000			# Number of points in second run
	18	2			# Number of iterations in second run
	9	0			# Output format of VEGAS integration
#
Block FACTORS
	1	0.0			# factor for yukawa-couplings: c
	2	1.0			# t
	3	1.0			# b
	4	1.0			# st
	5	1.0			# sb
Block HiggsBoundsResults      # results from HiggsBounds http://projects.hepforge.org/higgsbounds
# HBresult   : scenario allowed flag (1: allowed, 0: excluded, -1: unphysical)
# chan id number: most sensitive channel (see below). chan=0 if no channel applies
# obsratio   : ratio [sig x BR]_model/[sig x BR]_limit (<1: allowed, >1: excluded)
# ncomb      : number of Higgs bosons combined in most sensitive channel
# Note that the HB channel id number varies depending on the HB version and setting "whichanalyses"
#
    0    4.3.1     ||LandH||            # version of HB used to produce these results,the HB setting "whichanalyses"
#
#CHANNELTYPE 1: channel with the highest statistical sensitivity
    1           1         277                  # channel id number
    1           2           1                  # HBresult      
    1           3  0.55626659730341810         # obsratio  
    1           4           1                  # ncombined
    1           5 ||(p p)->h1 ->Z Z-> l l l l (low mass) where h1  is SM-like (CMS-PAS-HIG-13-002)|| # text description of channel
#
