#--------------------------------------------------#
# SusHi: (Supersymmetric) Higgs production through #
#  __      __        gluon fusion and bottom-quark #
# [_  | | [_  |_| |  annihilation                  #
# __] |_| __] | | |                                #
#                    Version 1.6.1      Jul 2016   #
#--------------------------------------------------#
# Date: 29.05.2017 at 12:14:35                     #
# For the reconstructed input file, check below.   #
#--------------------------------------------------#
# Please cite the following papers (for this run):
# Harlander:2012pb    
# Harlander:2016hcx   
# Harlander:2002wh    
# Harlander:2003ai    
# Aglietti:2004nj     
# Bonciani:2010ms     
# Degrassi:2010eu     
# Degrassi:2011vq     
# Degrassi:2012vt     
# Harlander:2005rq    
# Chetyrkin:2000yt    
#--------------------------------------------------#
Block SUSHIinfo
         1   1.6.1        # SusHi version
Block SUSHIggh # Bon appetit 
         1     3.59414167E-10   # ggh XS in pb                      
       101     2.62519591E-10   # +/- integ. error: ggh XS in pb                      
       102    -2.72446262E-11   # - from muR variation: ggh XS in pb                      
       103     2.99765384E-11   # + from muR variation: ggh XS in pb                      
# within [  0.50000000E+00,  0.20000000E+01]*SCALES(1)*MASSOUT(1).
Block SUSHIbbh # Bon appetit 
         1     8.38080944E-08   # bbh XS in pb                  
       101     9.86748782E-12   # +/- integr. error: bbh XS in pb                  
Block XSGGH # ggh xsec in pb (w/o EW) (+/- integ.err.)
         1     1.36603084E-10   # LO w/ NLO PDFs
         2     2.69844494E-10   # NLO
        21     3.71805477E-10   # NLO gg
        22    -1.02002188E-10   # NLO qg
        23     4.12056638E-14   # NLO qq
       101     8.42621226E-17   # +/-: LO w/ NLO PDFs
       102     6.42786490E-14   # +/-: NLO
       121     2.58860489E-14   # +/-: NLO gg
       122     5.88358264E-14   # +/-: NLO qg
       123     5.21621603E-17   # +/-: NLO qq
Block XSGGHEFF # ggh xsec in heavy top limit (from ggh@nnlo) (+/- integ.err.)
         1     6.80602716E-11   # NLO
       101     2.05611349E-14   # +/-: NLO
        19     1.33688819E-10   # NLO'
       191     3.35418976E-14   # +/-: NLO'
         2     1.57629944E-10   # NNLO
       102     2.62519583E-10   # +/-: NNLO
         4     0.00000000E+00   # electroweak factor
Block XSBBH # bbh xsec in pb (+/- integ.err.)
         1     3.38158100E-08   # LO
       101     1.86110339E-13   # +/-: LO
         2     1.88790135E-08   # NLO
       102     9.38912539E-14   # +/-: NLO
         3     8.38080944E-08   # NNLO
       103     9.86748782E-12   # +/-: NNLO
Block HGGSUSY # couplings of 2. CP-even H to 3. gen.
       101    -4.75705671E-02   # g_t^phi
       111    -3.21342086E+00   # g_st11^phi
       122     3.04894396E+00   # g_st22^phi
       112    -1.22384781E+01   # g_st12^phi
       121    -1.22384781E+01   # g_st21^phi
       201     2.18681168E+01   # g_b^phi
       211    -2.07330294E+03   # g_sb11^phi
       222     1.98601164E+03   # g_sb22^phi
       212    -1.61562545E+04   # g_sb12^phi
       221    -1.61562545E+04   # g_sb21^phi
Block BBHREWEIGHT # top and bottom reweighting factors
         1    -4.75705671E-02   # g_t
         2     2.18681168E+01   # g_b incl. 1/(1+Delta_b)*(1+C*Delta_b)
Block MASSOUT
         1     3.56757220E+03   # Mphi in GeV
         5     4.18000000E+00   # m_b(m_b), MSbar
         6     1.73200000E+02   # m_t(pole)
        23     9.11876000E+01   # m_Z
        24     8.04312319E+01   # m_W
        35     3.56757220E+03   # 2. CP-even Higgs mass in GeV
   1000005     1.88296987E+03   # sbottom1 mass in GeV
   2000005     2.31772230E+03   # sbottom2 mass in GeV
   1000006     1.87132315E+03   # stop1 mass in GeV
   2000006     2.75072204E+03   # stop2 mass in GeV
   1000021     3.64713000E+03   # gluino mass in GeV
Block STOPMIXOUT # stop mixing matrix
  1  1     9.92142016E-01   # V_11
  1  2     1.25116826E-01   # V_12
  2  1    -1.25116826E-01   # V_21
  2  2     9.92142016E-01   # V_22
Block SBOTMIXOUT # sbottom mixing matrix
  1  1     9.98164560E-01   # V_11
  1  2     6.05599799E-02   # V_12
  2  1    -6.05599799E-02   # V_21
  2  2     9.98164560E-01   # V_22
Block AD
  3  3    -1.67758000E+03   # used Ab in GeV - def. accord. to scheme
Block AU
  3  3    -3.43184000E+03   # used At in GeV
Block INTERNALMASSES # Masses in GeV
        50     4.18000000E+00   # m_b(m_b), MSbar
        51     2.23555671E+00   # m_b(mu_R) MSbar
        52     4.92934281E+00   # m_b(pole)
        53     4.92934281E+00   # m_b used for internal masses
        54     4.92934281E+00   # m_b for bottom Yukawa 1
        55     2.10463740E+00   # m_b for sbottom sector
Block ALPHASOUT # values from LHAPDF set
         2     7.70500383E-02   # alpha_s(muRggh) @ NLO
        11     7.61992664E-02   # alpha_s(muRbbh)
         3     7.61992664E-02   # alpha_s(muRggh) @ NNLO
       101     1.35000000E-01   # alpha_s(Mz) @ LO  
       102     1.20000000E-01   # alpha_s(Mz) @ NLO 
       103     1.20000000E-01   # alpha_s(Mz) @ NNLO
#--------------------------------------------------#
# Reconstructed input file of this run             #
#--------------------------------------------------#
Block SUSHI
         1      1   # Chosen model: 0=SM, 1=MSSM, 2=2HDM, 3=NMSSM
         2     12   # 11=h, 12=H, 21=A              
         3      0   # Particle collider: 0=pp, 1=ppbar
         4     8.00000000E+03   # center-of-mass energy in GeV
         5      2   # Order for ggh
         6      2   # Order for bbh
         7      1   # Electroweak contributions to ggh
        11      1   # [1/0] do/not expand C1 perturbatively
        19      1   # 0 = silent mode of SusHi, 1 = normal output
        20      0   # ggh@nnlo subprocesses: 0=all, 10=ind. contributions
        21      0   # bbh@nnlo subprocesses: 0=all
Block GGHMT
        -1      3   # factor out exact LO result at LO(=0)/NLO(=1)/etc.
         0     -1   # expand through 1/mt^n at LO [-1=exact]
         1      0   # expand through 1/mt^n at NLO
        11      0   # expand gg through 1/mt^n at NLO
        12      0   # expand qg through 1/mt^n at NLO
        13      0   # expand qqbar through 1/mt^n at NLO
         2      0   # expand through 1/mt^n at NNLO
        21      0   # expand gg through 1/mt^n at NNLO
        22      0   # expand qg through 1/mt^n at NNLO
        23      0   # expand qqbar through 1/mt^n at NNLO
        24      0   # expand qq through 1/mt^n at NNLO
        25      0   # expand qqprime through 1/mt^n at NNLO
        10      0   # [0/1]: do not/match to high energy limit at NLO
        20      0   # [0/1]: do not/match to high energy limit at NNLO
        30      0   # [0/1]: do not/match to high energy limit at N3LO
Block GGHSOFT # parameters for soft expansion
         1    0  0  0   # NLO: [0/1=n/y] [order] sig(x)/x^[n]
         2    0  0  0   # NNLO: [0/1=n/y] [order] sig(x)/x^[n]
Block SMINPUTS
         1     1.27908970E+02   # 1/alpha_em(MZ) SM MSbar
         2     1.16637870E-05   # G_F
         3     1.18400000E-01   # alpha_s(m_Z)
         4     9.11876000E+01   # m_Z(pole)
         5     4.18000000E+00   # m_b(m_b)
         6     1.73200000E+02   # m_t(pole)
Block MINPAR
         3     2.18700000E+01   # tan(beta)
Block EXTPAR
         3     3.64713000E+03   # Gluino mass
        11    -3.43184000E+03   # A_t
        12    -1.67758000E+03   # A_b
        23     2.32171000E+03   # mu
Block ALPHA # Higgs mixing parameter
          -4.75388196E-02   # alpha
Block MASS
        35     3.56757220E+03   # 2. CP-even Higgs mass in GeV
   1000005     1.88296987E+03   # Sbottom1 mass in GeV
   2000005     2.31772230E+03   # Sbottom2 mass in GeV
   1000006     1.87132315E+03   # Stop1 mass in GeV
   2000006     2.75072204E+03   # Stop2 mass in GeV
Block STOPMIX # stop mixing matrix
  1  1     9.92142016E-01   # V_11
  1  2     1.25116826E-01   # V_12
Block SBOTMIX # sbottom mixing matrix
  1  1     9.98164560E-01   # V_11
  1  2     6.05599799E-02   # V_12
Block DISTRIB
         1      0   # total XS                      
Block SCALES
         1     1.00000000E+00   # Renormalization scale muR/mh
         2     1.00000000E+00   # Factorization scale muF/mh
       101     5.00E-01  2.00E+00   # min and max for muR scale uncertainty around SCALES(1)
       102     1.00E-01  1.00E+01   100   # min/max/steps for table output of muR variation
        11     1.00000000E+00   # Renormalization scale muR/mh for bbh
        12     2.50000000E-01   # Factorization scale muF/mh for bbh
Block RENORMBOT
         1      0   # mb used for bottom Yukawa
         2      1   # Resummation of sbottom effects
Block RENORMSBOT
         1      2   # Renormalization of m_b
         2      0   # Renormalization of A_b
         3      0   # Renormalization of theta_b
Block PDFSPEC
         1   MMHT2014lo68cl.LHgrid                           # LO   PDF set
        11      0   # LO   PDF set number
         2   MMHT2014nlo68cl.LHgrid                          # NLO  PDF set
        12      0   # NLO  PDF set number
         3   MMHT2014nnlo68cl.LHgrid                         # NNLO PDF set
        13      0   # NNLO PDF set number
Block VEGAS
# parameters for NLO SusHi
         1    10000   # Number of points
         2        5   # Number of iterations
         3       10   # Output format of VEGAS integration
# parameters for ggh@nnlo:
         4     2000   # Number of points
         5        5   # Number of iterations
        14     5000   # Number of points in second run
        15        2   # Number of iterations in second run
         6        0   # Output format of VEGAS integration
# parameters for bbh@nnlo:
         7     2000   # Number of points
         8        5   # Number of iterations
        17     5000   # Number of points in second run
        18        2   # Number of iterations in second run
         9        0   # Output format of VEGAS integration
Block FACTORS
         1     0.00000000E+00   # Factor multiplied with Yukawa of c quark
         2     1.00000000E+00   # t quark
         3     1.00000000E+00   # b quark
         4     1.00000000E+00   # top squark
         5     1.00000000E+00   # bottom squark
#--------------------------------------------------#
# End of SusHi output                              #
#--------------------------------------------------#
