LHAPDF 6.1.6 loading /home/lukas/Schreibtisch/Bino/SModelS-Setup-Bino/prog/LHAPDF-6.1.6/installation/share/LHAPDF/MMHT2014lo68cl/MMHT2014lo68cl_0000.dat
MMHT2014lo68cl PDF set, member #0, version 3; LHAPDF ID = 25000
LHAPDF 6.1.6 loading /home/lukas/Schreibtisch/Bino/SModelS-Setup-Bino/prog/LHAPDF-6.1.6/installation/share/LHAPDF/MMHT2014nlo68cl/MMHT2014nlo68cl_0000.dat
MMHT2014nlo68cl PDF set, member #0, version 3; LHAPDF ID = 25100
LHAPDF 6.1.6 loading /home/lukas/Schreibtisch/Bino/SModelS-Setup-Bino/prog/LHAPDF-6.1.6/installation/share/LHAPDF/MMHT2014nnlo68cl/MMHT2014nnlo68cl_0000.dat
MMHT2014nnlo68cl PDF set, member #0, version 3; LHAPDF ID = 25300
LHAPDF 6.1.6 loading /home/lukas/Schreibtisch/Bino/SModelS-Setup-Bino/prog/LHAPDF-6.1.6/installation/share/LHAPDF/MMHT2014lo68cl/MMHT2014lo68cl_0000.dat
MMHT2014lo68cl PDF set, member #0, version 3; LHAPDF ID = 25000
LHAPDF 6.1.6 loading /home/lukas/Schreibtisch/Bino/SModelS-Setup-Bino/prog/LHAPDF-6.1.6/installation/share/LHAPDF/MMHT2014nlo68cl/MMHT2014nlo68cl_0000.dat
MMHT2014nlo68cl PDF set, member #0, version 3; LHAPDF ID = 25100
#--------------------------------------------------#
# SusHi: (Supersymmetric) Higgs production through #
#  __      __        gluon fusion and bottom-quark #
# [_  | | [_  |_| |  annihilation                  #
# __] |_| __] | | |                                #
#                    Version 1.6.1      Jul 2016   #
#        R. Harlander, S. Liebler, and H. Mantler  #
#               (harlander@physik.rwth-aachen.de)  #
#                        (stefan.liebler@desy.de)  #
#                       (hendrik.mantler@kit.edu)  #
#            BU Wuppertal, RWTH Aachen, DESY, KIT  #
#--------------------------------------------------#
# SusHi is based on a number of calculations       #
# due to various groups. Please acknowledge these  #
# efforts by citing the list of references which   #
# are included in the output file of every run.    #
#--------------------------------------------------#
 SusHi (info): SUSHI(21) defaults to 0: All bbh@nnlo subprocesses included.
 SusHi (info): SusHi was called with on-shell squark sector input:
 SusHi (info): Please guarantee the consistency of the renormalization
 SusHi (info): scheme using on-shell parameter input.
 SusHi (info): VEGAS will be called only once.
 [33mSusHi (warning): [0mYou called SusHi with a large Higgs mass.
 [33mSusHi (warning): [0mResults might not be reasonable.
 [33mSusHi (warning): [0mElectroweak contributions not implemented.
#--------------------------------------------------#
 Higgs mass:    3567.57220   GeV
#--------------------------------------------------#
#--------------------------------------------------#
 Calling ggh@nnlo and bbh@nnlo
#--------------------------------------------------#
#--------------------------------------------------#
 Performing NLO ggh calculation
#--------------------------------------------------#
0vegas  ndim=  1  ncall=   9898.  itmx =    5  acc=0.100D-07  mds= -1   nd=  49
   1      0.30777113D-04  0.6727D-10      0.30777113D-04  0.6727D-10  0.0000D+00
   2      0.30777092D-04  0.4037D-10      0.30777097D-04  0.3462D-10  0.7145D-01
   3      0.30777079D-04  0.3940D-10      0.30777089D-04  0.2600D-10  0.9816D-01
   4      0.30777045D-04  0.3956D-10      0.30777076D-04  0.2173D-10  0.3479D+00
   5      0.30777113D-04  0.3993D-10      0.30777084D-04  0.1909D-10  0.4310D+00
0vegas  ndim=  1  ncall=   9898.  itmx =    5  acc=0.100D-07  mds= -1   nd=  49
   1      0.36285901D-04  0.7625D-10      0.36285901D-04  0.7625D-10  0.0000D+00
   2      0.36285886D-04  0.4703D-10      0.36285890D-04  0.4003D-10  0.2813D-01
   3      0.36285877D-04  0.4600D-10      0.36285885D-04  0.3020D-10  0.3833D-01
   4      0.36285846D-04  0.4712D-10      0.36285873D-04  0.2542D-10  0.1804D+00
   5      0.36285861D-04  0.4719D-10      0.36285871D-04  0.2238D-10  0.1480D+00
0vegas  ndim=  2  ncall=   9800.  itmx =    5  acc=0.100D-07  mds= -1   nd=  35
   1      0.62368639D-03  0.1992D-05      0.62368639D-03  0.1992D-05  0.0000D+00
   2      0.62315879D-03  0.2592D-06      0.62316759D-03  0.2571D-06  0.6905D-01
   3      0.62303825D-03  0.1832D-06      0.62308183D-03  0.1492D-06  0.1185D+00
   4      0.62309572D-03  0.1613D-06      0.62308824D-03  0.1095D-06  0.8032D-01
   5      0.62324794D-03  0.1601D-06      0.62313914D-03  0.9041D-07  0.2296D+00
0vegas  ndim=  3  ncall=   9826.  itmx =    5  acc=0.100D-07  mds=  1   nd=  50
   1     -0.17059670D-04  0.4965D-06     -0.17059670D-04  0.4965D-06  0.0000D+00
   2     -0.17546888D-04  0.4281D-07     -0.17543488D-04  0.4207D-07  0.9293D+00
   3     -0.17383566D-04  0.4312D-07     -0.17465139D-04  0.3009D-07  0.3992D+01
   4     -0.17480199D-04  0.5195D-07     -0.17468971D-04  0.2604D-07  0.2671D+01
   5     -0.17520056D-04  0.5648D-07     -0.17478055D-04  0.2365D-07  0.2167D+01
0vegas  ndim=  3  ncall=   9826.  itmx =    5  acc=0.100D-07  mds=  1   nd=  50
   1     -0.75922174D-03  0.2732D-04     -0.75922174D-03  0.2732D-04  0.0000D+00
   2     -0.71951795D-03  0.1963D-05     -0.71974490D-03  0.2012D-05  0.2213D+01
   3     -0.71744973D-03  0.1628D-05     -0.71839153D-03  0.1276D-05  0.1520D+01
   4     -0.71877312D-03  0.1939D-05     -0.71850392D-03  0.1067D-05  0.1031D+01
Note: The following floating-point exceptions are signalling: IEEE_DENORMAL
Thanks for using LHAPDF 6.1.6. Please make sure to cite the paper:
  Eur.Phys.J. C75 (2015) 3, 132  (http://arxiv.org/abs/1412.7420)
   5     -0.71778017D-03  0.2008D-05     -0.71834839D-03  0.9426D-06  0.8032D+00
0vegas  ndim=  2  ncall=   9800.  itmx =    5  acc=0.100D-07  mds= -1   nd=  35
   1     -0.93933900D-03  0.3610D-05     -0.93933900D-03  0.3610D-05  0.0000D+00
   2     -0.93903150D-03  0.4914D-06     -0.93903709D-03  0.4870D-06  0.7126D-02
   3     -0.93897679D-03  0.3369D-06     -0.93899631D-03  0.2771D-06  0.8749D-02
   4     -0.93828364D-03  0.2804D-06     -0.93864453D-03  0.1971D-06  0.1095D+01
   5     -0.93901607D-03  0.2682D-06     -0.93877484D-03  0.1588D-06  0.1133D+01
0vegas  ndim=  3  ncall=   9826.  itmx =    5  acc=0.100D-07  mds=  1   nd=  50
   1      0.37653854D-06  0.3624D-08      0.37653854D-06  0.3624D-08  0.0000D+00
   2      0.37727239D-06  0.7831D-09      0.37723978D-06  0.7648D-09  0.3910D-01
   3      0.37689694D-06  0.9360D-09      0.37710253D-06  0.5922D-09  0.5978D-01
   4      0.37442350D-06  0.1128D-08      0.37652965D-06  0.5242D-09  0.1503D+01
   5      0.37665743D-06  0.1145D-08      0.37655183D-06  0.4767D-09  0.1130D+01
#--------------------------------------------------#
 Note: NNLO SUSY contribution not taken into account.
 Use order ggh = 3 for approximate NNLO stop cont. for h.
#--------------------------------------------------#
#--------------------------------------------------#
 The bbh results are given by:
       LO:          0.00000   +-     0.00000   pb     
      NLO:          0.00000   +-     0.00000   pb     
     NNLO:          0.00000   +-     0.00000   pb     
#--------------------------------------------------#
 The ggh results are given by:
       LO:          0.00000   +-     0.00000   pb     
       gg:          0.00000   +-     0.00000   pb     
       qg:         -0.00000   +-     0.00000   pb     
       qq:          0.00000   +-     0.00000   pb     
      NLO:          0.00000   +-     0.00000   pb     
     xsec:          0.00000   +-     0.00000   pb     
  muR unc.:  -      0.00000   +      0.00000   pb     
 The scale uncertainty is obtained by a variation
 of muR within [ 0.50000E+00, 0.20000E+01]* 0.35676E+04 GeV.
#--------------------------------------------------#
 Results written in output file: SusHi.out                                                   
 [32mMake sure to cite the references listed in output file SusHi.out![0m
